*************
Bases from end of subseq   Bases in phased subseq with that location   Phased Bases with that location
8	16	0
24	16	0
40	16	0
56	16	3
72	16	16
88	16	16
104	16	16
120	16	1
136	16	0
152	16	0
168	16	0
184	16	0
200	16	0
216	16	0
232	16	0
248	16	0
264	16	0
280	16	0
296	16	0
312	16	0
328	16	0
344	16	0
360	16	0
376	16	0
392	16	0
408	16	11
424	16	16
440	16	16
456	16	16
472	16	16
488	16	16
504	16	16
520	16	16
536	16	16
552	16	16
568	16	16
584	16	16
600	16	16
616	16	16
632	16	16
648	16	16
664	16	16
680	16	11
696	16	0
712	16	0
728	16	0
744	16	0
760	16	0
776	16	0
792	16	0
808	16	0
824	16	0
840	16	0
856	16	0
872	16	0
888	16	0
904	16	0
920	16	0
936	16	0
952	16	0
968	16	0
984	16	0
1000	16	0
1016	16	0
1032	15	0
1048	16	0
1064	16	0
1080	16	0
1096	16	6
1112	16	16
1128	16	16
1144	16	16
1160	16	16
1176	16	16
1192	16	7
1208	16	0
1224	16	0
1240	16	5
1256	16	16
1272	16	16
1288	16	16
1304	16	16
1320	16	16
1336	16	16
1352	16	16
1368	16	16
1384	16	16
1400	16	16
1416	16	16
1432	16	6
1448	16	0
1464	16	8
1480	16	16
1496	16	16
1512	16	16
1528	16	16
1544	16	16
1560	16	16
1576	16	16
1592	16	16
1608	16	16
1624	16	16
1640	16	16
1656	16	16
1672	16	16
1688	16	16
1704	16	16
1720	16	16
1736	16	16
1752	16	3
1768	16	16
1784	16	16
1800	16	16
1816	16	16
1832	16	16
1848	16	16
1864	16	16
1880	16	16
1896	16	16
1912	16	16
1928	16	16
1944	16	16
1960	16	16
1976	16	16
1992	16	16
2008	16	16
2024	16	16
2040	16	16
2056	15	15
2072	16	10
2088	16	0
2104	16	0
2120	16	0
2136	16	0
2152	16	0
2168	16	0
2184	16	0
2200	16	6
2216	16	16
2232	16	16
2248	16	16
2264	16	16
2280	16	16
2296	16	16
2312	16	16
2328	16	16
2344	16	16
2360	16	16
2376	16	16
2392	16	16
2408	16	16
2424	16	16
2440	16	16
2456	16	16
2472	16	16
2488	16	16
2504	16	16
2520	16	16
2536	16	16
2552	16	16
2568	16	16
2584	16	16
2600	16	16
2616	16	16
2632	16	16
2648	16	16
2664	16	16
2680	16	16
2696	16	16
2712	16	16
2728	16	16
2744	16	16
2760	16	16
2776	16	16
2792	16	1
2808	16	0
2824	16	12
2840	16	16
2856	16	16
2872	16	5
2888	16	0
2904	16	0
2920	16	0
2936	16	0
2952	16	0
2968	16	0
2984	16	4
3000	16	16
3016	16	16
3032	16	14
3048	16	0
3064	16	0
3080	16	0
3096	16	0
3112	16	0
3128	16	0
3144	16	0
3160	16	0
3176	16	0
3192	16	0
3208	16	0
3224	16	0
3240	16	0
3256	16	0
3272	16	0
3288	16	0
3304	16	0
3320	16	14
3336	16	16
3352	16	16
3368	16	16
3384	16	16
3400	16	16
3416	16	16
3432	16	16
3448	16	16
3464	16	16
3480	16	16
3496	16	16
3512	16	16
3528	16	16
3544	16	16
3560	16	16
3576	16	9
3592	16	0
3608	16	0
3624	16	0
3640	16	0
3656	16	0
3672	16	0
3688	16	0
3704	16	0
3720	16	12
3736	16	16
3752	16	16
3768	16	16
3784	16	16
3800	16	16
3816	16	14
3832	16	16
3848	16	16
3864	16	16
3880	16	16
3896	16	16
3912	16	16
3928	16	16
3944	16	16
3960	16	16
3976	16	16
3992	16	16
4008	16	16
4024	16	16
4040	16	16
4056	16	16
4072	16	16
4088	16	16
4104	15	15
4120	16	13
4136	16	0
4152	16	16
4168	16	16
4184	16	16
4200	16	12
4216	16	0
4232	16	0
4248	16	0
4264	16	4
4280	16	16
4296	16	16
4312	16	16
4328	16	16
4344	16	16
4360	16	16
4376	16	6
4392	16	0
4408	16	0
4424	16	0
4440	16	0
4456	16	0
4472	16	0
4488	16	0
4504	16	0
4520	16	0
4536	16	3
4552	16	16
4568	16	16
4584	16	16
4600	16	16
4616	16	16
4632	16	16
4648	16	16
4664	16	3
4680	16	0
4696	16	0
4712	16	0
4728	16	0
4744	16	0
4760	16	0
4776	16	0
4792	16	0
4808	16	0
4824	16	0
4840	16	0
4856	16	2
4872	16	16
4888	16	16
4904	16	16
4920	16	16
4936	16	16
4952	16	16
4968	16	16
4984	16	16
5000	16	16
5016	16	16
5032	16	16
5048	16	16
5064	16	16
5080	16	16
5096	16	16
5112	16	16
5128	16	16
5144	16	16
5160	16	16
5176	16	16
5192	16	16
5208	16	16
5224	16	16
5240	16	6
5256	16	7
5272	16	16
5288	16	16
5304	16	16
5320	16	16
5336	16	10
5352	16	0
5368	16	0
5384	16	0
5400	16	0
5416	16	16
5432	16	16
5448	16	16
5464	16	16
5480	16	16
5496	16	12
5512	16	0
5528	16	0
5544	16	0
5560	16	0
5576	16	0
5592	16	0
5608	16	0
5624	16	0
5640	16	0
5656	16	0
5672	16	0
5688	16	0
5704	16	0
5720	16	0
5736	16	0
5752	16	0
5768	16	0
5784	16	0
5800	16	0
5816	16	0
5832	16	0
5848	16	0
5864	16	0
5880	16	0
5896	16	12
5912	16	16
5928	16	16
5944	16	16
5960	16	16
5976	16	16
5992	16	2
6008	16	0
6024	16	9
6040	16	16
6056	16	16
6072	16	16
6088	16	16
6104	16	9
6120	16	0
6136	16	16
6152	16	16
6168	16	16
6184	16	12
6200	16	0
6216	16	0
6232	16	0
6248	16	0
6264	16	0
6280	16	0
6296	16	0
6312	16	0
6328	16	0
6344	16	0
6360	16	5
6376	16	16
6392	16	16
6408	16	16
6424	16	0
6440	16	0
6456	16	0
6472	16	0
6488	16	0
6504	16	0
6520	16	0
6536	16	0
6552	16	0
6568	16	0
6584	16	0
6600	16	0
6616	16	0
6632	16	0
6648	16	0
6664	16	0
6680	16	0
6696	16	0
6712	16	0
6728	16	0
6744	16	0
6760	16	1
6776	16	16
6792	16	16
6808	16	16
6824	16	14
6840	16	0
6856	16	0
6872	16	0
6888	16	0
6904	16	0
6920	16	0
6936	16	0
6952	16	0
6968	16	0
6984	16	0
7000	16	0
7016	16	0
7032	16	0
7048	16	0
7064	16	0
7080	16	0
7096	16	0
7112	16	0
7128	16	0
7144	16	0
7160	16	0
7176	16	0
7192	16	9
7208	16	16
7224	16	16
7240	16	16
7256	16	16
7272	16	16
7288	16	16
7304	16	8
7320	16	0
7336	16	0
7352	16	0
7368	16	0
7384	16	0
7400	16	0
7416	16	0
7432	16	0
7448	16	0
7464	16	0
7480	16	0
7496	16	0
7512	16	0
7528	16	0
7544	16	0
7560	16	9
7576	16	16
7592	16	16
7608	16	16
7624	16	7
7640	16	0
7656	16	0
7672	16	0
7688	16	0
7704	16	0
7720	16	0
7736	16	0
7752	16	0
7768	16	0
7784	16	0
7800	16	0
7816	16	0
7832	16	0
7848	16	0
7864	16	0
7880	16	0
7896	16	0
7912	16	10
7928	16	16
7944	16	16
7960	16	16
7976	16	16
7992	16	16
8008	16	16
8024	16	16
8040	16	16
8056	16	16
8072	16	16
8088	16	16
8104	16	16
8120	16	16
8136	16	16
8152	16	5
8168	16	0
8184	16	0
8200	15	0
8216	16	0
8232	16	0
8248	10	0
8264	0	0
8280	0	0
8296	0	0
8312	0	0
8328	0	0
8344	0	0
8360	0	0
8376	0	0
8392	0	0
8408	0	0
8424	0	0
8440	0	0
8456	0	0
8472	0	0
8488	0	0
8504	0	0
8520	0	0
8536	0	0
8552	0	0
8568	0	0
8584	0	0
8600	0	0
8616	0	0
8632	0	0
8648	0	0
8664	0	0
8680	0	0
8696	0	0
8712	0	0
8728	0	0
8744	0	0
8760	0	0
8776	0	0
8792	0	0
8808	0	0
8824	0	0
8840	0	0
8856	0	0
8872	0	0
8888	0	0
8904	0	0
8920	0	0
8936	0	0
8952	0	0
8968	0	0
8984	0	0
9000	0	0
9016	0	0
9032	0	0
9048	0	0
9064	0	0
9080	0	0
9096	0	0
9112	0	0
9128	0	0
9144	0	0
9160	0	0
9176	0	0
9192	0	0
9208	0	0
9224	0	0
9240	0	0
9256	0	0
9272	0	0
9288	0	0
9304	0	0
9320	0	0
9336	0	0
9352	0	0
9368	0	0
9384	0	0
9400	0	0
9416	0	0
9432	0	0
9448	0	0
9464	0	0
9480	0	0
9496	0	0
9512	0	0
9528	0	0
9544	0	0
9560	0	0
9576	0	0
9592	0	0
9608	0	0
9624	0	0
9640	0	0
9656	0	0
9672	0	0
9688	0	0
9704	0	0
9720	0	0
9736	0	0
9752	0	0
9768	0	0
9784	0	0
9800	0	0
9816	0	0
9832	0	0
9848	0	0
9864	0	0
9880	0	0
9896	0	0
9912	0	0
9928	0	0
9944	0	0
9960	0	0
9976	0	0
9992	0	0
10008	0	0
10024	0	0
10040	0	0
10056	0	0
10072	0	0
10088	0	0
10104	0	0
10120	0	0
10136	0	0
10152	0	0
10168	0	0
10184	0	0
10200	0	0
10216	0	0
10232	0	0
10248	0	0
10264	0	0
10280	0	0
10296	0	0
10312	0	0
10328	0	0
10344	0	0
10360	0	0
10376	0	0
10392	0	0
10408	0	0
10424	0	0
10440	0	0
10456	0	0
10472	0	0
10488	0	0
10504	0	0
10520	0	0
10536	0	0
10552	0	0
10568	0	0
10584	0	0
10600	0	0
10616	0	0
10632	0	0
10648	0	0
10664	0	0
10680	0	0
10696	0	0
10712	0	0
10728	0	0
10744	0	0
10760	0	0
10776	0	0
10792	0	0
10808	0	0
10824	0	0
10840	0	0
10856	0	0
10872	0	0
10888	0	0
10904	0	0
10920	0	0
10936	0	0
10952	0	0
10968	0	0
10984	0	0
11000	0	0
11016	0	0
11032	0	0
11048	0	0
11064	0	0
11080	0	0
11096	0	0
11112	0	0
11128	0	0
11144	0	0
11160	0	0
11176	0	0
11192	0	0
11208	0	0
11224	0	0
11240	0	0
11256	0	0
11272	0	0
11288	0	0
11304	0	0
11320	0	0
11336	0	0
11352	0	0
11368	0	0
11384	0	0
11400	0	0
11416	0	0
11432	0	0
11448	0	0
11464	0	0
11480	0	0
11496	0	0
11512	0	0
11528	0	0
11544	0	0
11560	0	0
11576	0	0
11592	0	0
11608	0	0
11624	0	0
11640	0	0
11656	0	0
11672	0	0
11688	0	0
11704	0	0
11720	0	0
11736	0	0
11752	0	0
11768	0	0
11784	0	0
11800	0	0
11816	0	0
11832	0	0
11848	0	0
11864	0	0
11880	0	0
11896	0	0
11912	0	0
11928	0	0
11944	0	0
11960	0	0
11976	0	0
11992	0	0
12008	0	0
12024	0	0
12040	0	0
12056	0	0
12072	0	0
12088	0	0
12104	0	0
12120	0	0
12136	0	0
12152	0	0
12168	0	0
12184	0	0
12200	0	0
12216	0	0
12232	0	0
12248	0	0
12264	0	0
12280	0	0
12296	0	0
12312	0	0
12328	0	0
12344	0	0
12360	0	0
12376	0	0
12392	0	0
12408	0	0
12424	0	0
12440	0	0
12456	0	0
12472	0	0
12488	0	0
12504	0	0
12520	0	0
12536	0	0
12552	0	0
12568	0	0
12584	0	0
12600	0	0
12616	0	0
12632	0	0
12648	0	0
12664	0	0
12680	0	0
12696	0	0
12712	0	0
12728	0	0
12744	0	0
12760	0	0
12776	0	0
12792	0	0
12808	0	0
12824	0	0
12840	0	0
12856	0	0
12872	0	0
12888	0	0
12904	0	0
12920	0	0
12936	0	0
12952	0	0
12968	0	0
12984	0	0
13000	0	0
13016	0	0
13032	0	0
13048	0	0
13064	0	0
13080	0	0
13096	0	0
13112	0	0
13128	0	0
13144	0	0
13160	0	0
13176	0	0
13192	0	0
13208	0	0
13224	0	0
13240	0	0
13256	0	0
13272	0	0
13288	0	0
13304	0	0
13320	0	0
13336	0	0
13352	0	0
13368	0	0
13384	0	0
13400	0	0
13416	0	0
13432	0	0
13448	0	0
13464	0	0
13480	0	0
13496	0	0
13512	0	0
13528	0	0
13544	0	0
13560	0	0
13576	0	0
13592	0	0
13608	0	0
13624	0	0
13640	0	0
13656	0	0
13672	0	0
13688	0	0
13704	0	0
13720	0	0
13736	0	0
13752	0	0
13768	0	0
13784	0	0
13800	0	0
13816	0	0
13832	0	0
13848	0	0
13864	0	0
13880	0	0
13896	0	0
13912	0	0
13928	0	0
13944	0	0
13960	0	0
13976	0	0
13992	0	0
14008	0	0
14024	0	0
14040	0	0
14056	0	0
14072	0	0
14088	0	0
14104	0	0
14120	0	0
14136	0	0
14152	0	0
14168	0	0
14184	0	0
14200	0	0
14216	0	0
14232	0	0
14248	0	0
14264	0	0
14280	0	0
14296	0	0
14312	0	0
14328	0	0
14344	0	0
14360	0	0
14376	0	0
14392	0	0
14408	0	0
14424	0	0
14440	0	0
14456	0	0
14472	0	0
14488	0	0
14504	0	0
14520	0	0
14536	0	0
14552	0	0
14568	0	0
14584	0	0
14600	0	0
14616	0	0
14632	0	0
14648	0	0
14664	0	0
14680	0	0
14696	0	0
14712	0	0
14728	0	0
14744	0	0
14760	0	0
14776	0	0
14792	0	0
14808	0	0
14824	0	0
14840	0	0
14856	0	0
14872	0	0
14888	0	0
14904	0	0
14920	0	0
14936	0	0
14952	0	0
14968	0	0
14984	0	0
15000	0	0
15016	0	0
15032	0	0
15048	0	0
15064	0	0
15080	0	0
15096	0	0
15112	0	0
15128	0	0
15144	0	0
15160	0	0
15176	0	0
15192	0	0
15208	0	0
15224	0	0
15240	0	0
15256	0	0
15272	0	0
15288	0	0
15304	0	0
15320	0	0
15336	0	0
15352	0	0
15368	0	0
15384	0	0
15400	0	0
15416	0	0
15432	0	0
15448	0	0
15464	0	0
15480	0	0
15496	0	0
15512	0	0
15528	0	0
15544	0	0
15560	0	0
15576	0	0
15592	0	0
15608	0	0
15624	0	0
15640	0	0
15656	0	0
15672	0	0
15688	0	0
15704	0	0
15720	0	0
15736	0	0
15752	0	0
15768	0	0
15784	0	0
15800	0	0
15816	0	0
15832	0	0
15848	0	0
15864	0	0
15880	0	0
15896	0	0
15912	0	0
15928	0	0
15944	0	0
15960	0	0
15976	0	0
15992	0	0
16008	0	0
16024	0	0
16040	0	0
16056	0	0
16072	0	0
16088	0	0
16104	0	0
16120	0	0
16136	0	0
16152	0	0
16168	0	0
16184	0	0
16200	0	0
16216	0	0
16232	0	0
16248	0	0
16264	0	0
16280	0	0
16296	0	0
16312	0	0
16328	0	0
16344	0	0
16360	0	0
16376	0	0
16392	0	0
*************
Value   Bases with that value   Bases with that lookback
0	2338	0	
1	0	0	
2	0	0	
3	0	0	
4	9	0	
5	0	0	
6	0	0	
7	0	0	
8	0	0	
9	3	0	
10	394	0	
11	24	0	
12	48	0	
13	16	0	
14	20	0	
15	0	0	
16	0	0	
17	0	0	
18	10	0	
19	0	0	
20	155	9	
21	0	2	
22	21	0	
23	0	0	
24	110	0	
25	0	0	
26	56	0	
27	0	0	
28	11	0	
29	20	6	
30	37	19	
31	25	11	
32	49	3	
33	1	0	
34	38	0	
35	0	0	
36	11	0	
37	0	0	
38	43	8	
39	0	12	
40	20	19	
41	0	15	
42	46	9	
43	0	4	
44	45	0	
45	0	0	
46	42	0	
47	0	2	
48	32	11	
49	0	18	
50	87	17	
51	0	19	
52	63	12	
53	0	6	
54	43	1	
55	45	0	
56	22	2	
57	13	7	
58	89	10	
59	20	13	
60	84	17	
61	0	15	
62	66	17	
63	1	9	
64	14	6	
65	0	3	
66	0	0	
67	50	3	
68	34	12	
69	0	13	
70	32	16	
71	19	17	
72	53	18	
73	0	17	
74	76	6	
75	1	4	
76	11	2	
77	0	5	
78	106	8	
79	0	7	
80	1	10	
81	0	15	
82	135	16	
83	0	12	
84	31	9	
85	0	4	
86	1	5	
87	0	3	
88	115	4	
89	1	8	
90	84	9	
91	19	14	
92	1	13	
93	0	11	
94	1	9	
95	71	7	
96	111	6	
97	0	4	
98	0	3	
99	0	8	
100	80	9	
101	0	8	
102	13	14	
103	0	11	
104	0	7	
105	0	5	
106	0	3	
107	0	5	
108	1	3	
109	3	4	
110	94	6	
111	98	7	
112	154	9	
113	0	5	
114	0	5	
115	0	5	
116	104	3	
117	0	4	
118	0	2	
119	0	5	
120	1	6	
121	19	8	
122	0	11	
123	0	6	
124	95	5	
125	0	3	
126	21	3	
127	0	2	
128	80	2	
129	0	5	
130	134	6	
131	0	6	
132	15	5	
133	0	4	
134	124	6	
135	0	5	
136	0	4	
137	0	3	
138	0	4	
139	0	5	
140	0	5	
141	0	5	
142	0	5	
143	0	6	
144	0	6	
145	0	5	
146	0	5	
147	0	4	
148	0	3	
149	0	3	
150	0	4	
151	0	6	
152	0	6	
153	0	5	
154	0	5	
155	0	5	
156	0	5	
157	0	3	
158	0	5	
159	0	3	
160	0	3	
161	0	5	
162	0	3	
163	0	2	
164	0	3	
165	0	3	
166	0	3	
167	0	1	
168	0	4	
169	0	4	
170	0	5	
171	0	3	
172	0	4	
173	0	4	
174	0	4	
175	0	3	
176	0	3	
177	0	4	
178	0	3	
179	0	3	
180	0	4	
181	0	3	
182	0	4	
183	0	4	
184	0	3	
185	0	1	
186	0	3	
187	0	3	
188	23	2	
189	0	3	
190	0	5	
191	1	5	
192	0	4	
193	0	3	
194	29	2	
195	1	2	
196	229	3	
197	0	2	
198	184	3	
199	0	5	
200	0	5	
201	0	4	
202	0	4	
203	0	3	
204	0	2	
205	0	2	
206	0	2	
207	0	3	
208	147	4	
209	0	5	
210	0	4	
211	0	3	
212	0	4	
213	0	3	
214	0	1	
215	0	1	
216	0	0	
217	0	0	
218	0	2	
219	0	3	
220	0	4	
221	0	4	
222	0	3	
223	0	3	
224	1	2	
225	0	1	
226	0	1	
227	9	1	
228	0	3	
229	0	3	
230	0	3	
231	0	2	
232	0	1	
233	9	2	
234	0	2	
235	0	2	
236	0	1	
237	0	1	
238	0	1	
239	231	4	
240	0	4	
241	0	4	
242	0	2	
243	0	1	
244	0	1	
245	0	1	
246	0	0	
247	0	0	
248	0	1	
249	0	2	
250	1	2	
251	0	4	
252	0	3	
253	0	2	
254	0	2	
255	0	1	
256	0	0	
257	0	0	
258	0	1	
259	0	1	
260	8	1	
261	0	1	
262	22	1	
263	0	2	
264	0	1	
265	0	1	
266	0	1	
267	0	1	
268	0	0	
269	0	1	
270	0	2	
271	0	2	
272	0	3	
273	0	2	
274	252	1	
275	0	1	
276	1	1	
277	0	1	
278	0	1	
279	0	1	
280	0	1	
281	0	2	
282	0	1	
283	0	1	
284	222	0	
285	0	0	
286	0	0	
287	0	1	
288	0	1	
289	0	1	
290	0	1	
291	0	1	
292	0	1	
293	0	2	
294	0	2	
295	0	1	
296	0	1	
297	0	0	
298	0	0	
299	0	1	
300	0	1	
301	0	1	
302	0	1	
303	0	0	
304	0	2	
305	0	1	
306	0	1	
307	0	1	
308	0	0	
309	0	0	
310	0	0	
311	0	1	
312	0	1	
313	0	1	
314	0	2	
315	0	1	
316	0	1	
317	0	0	
318	1	0	
319	0	0	
320	0	0	
321	0	0	
322	0	0	
323	0	0	
324	0	0	
325	0	1	
326	0	1	
327	0	1	
328	0	0	
329	0	0	
330	0	0	
331	0	0	
332	0	0	
333	0	0	
334	1	0	
335	0	0	
336	0	0	
337	0	1	
338	0	0	
339	0	0	
340	0	0	
341	0	0	
342	0	0	
343	0	0	
344	0	0	
345	0	1	
346	0	1	
347	0	0	
348	0	0	
349	0	0	
350	0	0	
351	0	0	
352	1	0	
353	0	0	
354	0	0	
355	0	1	
356	0	0	
357	0	0	
358	0	0	
359	0	0	
360	312	0	
361	0	0	
362	0	0	
363	0	0	
364	0	0	
365	0	1	
366	0	0	
367	0	0	
368	0	0	
369	0	0	
370	0	0	
371	0	0	
372	0	0	
373	0	0	
374	0	0	
375	0	1	
376	0	0	
377	0	0	
378	0	0	
379	0	0	
380	0	0	
381	0	0	
382	0	0	
383	0	0	
384	0	0	
385	0	1	
386	0	0	
387	0	0	
388	0	0	
389	0	0	
390	0	0	
391	0	0	
392	0	0	
393	0	0	
394	0	0	
395	0	1	
396	0	0	
397	0	0	
398	0	0	
399	0	0	
400	405	0	
401	0	0	
402	0	0	
403	0	0	
404	0	1	
405	0	0	
406	0	0	
407	0	0	
408	0	0	
409	0	0	
410	0	0	
411	0	0	
412	0	0	
413	0	0	
414	0	0	
415	0	0	
416	0	0	
417	0	0	
418	0	0	
419	0	0	
420	0	0	
421	0	0	
422	0	0	
423	0	0	
424	0	0	
425	0	0	
426	0	0	
427	0	0	
428	0	0	
429	0	0	
430	0	0	
431	0	0	
432	0	0	
433	0	0	
434	0	0	
435	0	0	
436	0	0	
437	0	0	
438	0	0	
439	0	0	
440	0	0	
441	0	0	
442	0	0	
443	0	0	
444	0	0	
445	0	0	
446	0	0	
447	0	0	
448	0	0	
449	0	0	
450	0	0	
451	0	0	
452	0	0	
453	0	0	
454	0	0	
455	0	0	
456	0	0	
457	0	0	
458	0	0	
459	0	0	
460	0	0	
461	0	0	
462	0	0	
463	0	0	
464	0	0	
465	0	0	
466	0	0	
467	0	0	
468	0	0	
469	0	0	
470	0	0	
471	0	0	
472	0	0	
473	0	0	
474	0	0	
475	0	0	
476	0	0	
477	0	0	
478	0	0	
479	0	0	
480	0	0	
481	0	0	
482	0	0	
483	0	0	
484	0	0	
485	0	0	
486	0	0	
487	0	0	
488	0	0	
489	0	0	
490	0	0	
491	0	0	
492	0	0	
493	0	0	
494	0	0	
495	0	0	
496	0	0	
497	0	0	
498	0	0	
499	0	0	
500	0	0	
501	0	0	
502	0	0	
503	0	0	
504	0	0	
505	0	0	
506	0	0	
507	0	0	
508	0	0	
509	0	0	
510	0	0	
511	0	0	
512	0	0	
513	0	0	
514	0	0	
515	0	0	
516	0	0	
517	0	0	
518	0	0	
519	0	0	
520	0	0	
521	0	0	
522	0	0	
523	0	0	
524	0	0	
525	0	0	
526	0	0	
527	0	0	
528	0	0	
529	0	0	
530	0	0	
531	0	0	
532	0	0	
533	0	0	
534	0	0	
535	0	0	
536	0	0	
537	0	0	
538	0	0	
539	0	0	
540	0	0	
541	0	0	
542	0	0	
543	0	0	
544	0	0	
545	0	0	
546	0	0	
547	0	0	
548	0	0	
549	0	0	
550	0	0	
551	0	0	
552	0	0	
553	0	0	
554	0	0	
555	0	0	
556	0	0	
557	0	0	
558	0	0	
559	0	0	
560	0	0	
561	0	0	
562	0	0	
563	0	0	
564	0	0	
565	0	0	
566	0	0	
567	0	0	
568	0	0	
569	0	0	
570	0	0	
571	0	0	
572	0	0	
573	0	0	
574	0	0	
575	0	0	
576	0	0	
577	0	0	
578	0	0	
579	0	0	
580	0	0	
581	0	0	
582	0	0	
583	0	0	
584	0	0	
585	0	0	
586	0	0	
587	0	0	
588	0	0	
589	0	0	
590	0	0	
591	0	0	
592	0	0	
593	0	0	
594	0	0	
595	0	0	
596	0	0	
597	0	0	
598	0	0	
599	0	0	
600	0	0	
601	0	0	
602	0	0	
603	0	0	
604	0	0	
605	0	0	
606	0	0	
607	0	0	
608	0	0	
609	0	0	
610	0	0	
611	0	0	
612	0	0	
613	0	0	
614	0	0	
615	0	0	
616	0	0	
617	0	0	
618	0	0	
619	0	0	
620	0	0	
621	0	0	
622	0	0	
623	0	0	
624	0	0	
625	0	0	
626	0	0	
627	0	0	
628	0	0	
629	0	0	
630	0	0	
631	0	0	
632	0	0	
633	0	0	
634	0	0	
635	0	0	
636	0	0	
637	0	0	
638	0	0	
639	0	0	
640	0	0	
641	0	0	
642	0	0	
643	0	0	
644	0	0	
645	0	0	
646	0	0	
647	0	0	
648	0	0	
649	0	0	
650	0	0	
651	0	0	
652	0	0	
653	0	0	
654	0	0	
655	0	0	
656	0	0	
657	0	0	
658	0	0	
659	0	0	
660	0	0	
661	0	0	
662	0	0	
663	0	0	
664	0	0	
665	0	0	
666	0	0	
667	0	0	
668	0	0	
669	0	0	
670	0	0	
671	0	0	
672	0	0	
673	0	0	
674	0	0	
675	0	0	
676	0	0	
677	0	0	
678	0	0	
679	0	0	
680	0	0	
681	0	0	
682	0	0	
683	0	0	
684	0	0	
685	0	0	
686	0	0	
687	0	0	
688	0	0	
689	0	0	
690	0	0	
691	0	0	
692	0	0	
693	0	0	
694	0	0	
695	0	0	
696	0	0	
697	0	0	
698	0	0	
699	0	0	
700	0	0	
701	0	0	
702	0	0	
703	0	0	
704	0	0	
705	0	0	
706	0	0	
707	0	0	
708	0	0	
709	0	0	
710	0	0	
711	0	0	
712	0	0	
713	0	0	
714	0	0	
715	0	0	
716	0	0	
717	0	0	
718	0	0	
719	0	0	
720	0	0	
721	0	0	
722	0	0	
723	0	0	
724	0	0	
725	0	0	
726	0	0	
727	0	0	
728	0	0	
729	0	0	
730	0	0	
731	0	0	
732	0	0	
733	0	0	
734	0	0	
735	0	0	
736	0	0	
737	0	0	
738	0	0	
739	0	0	
740	0	0	
741	0	0	
742	0	0	
743	0	0	
744	0	0	
745	0	0	
746	0	0	
747	0	0	
748	0	0	
749	0	0	
750	0	0	
751	0	0	
752	0	0	
753	0	0	
754	0	0	
755	0	0	
756	0	0	
757	0	0	
758	0	0	
759	0	0	
760	0	0	
761	0	0	
762	0	0	
763	0	0	
764	0	0	
765	0	0	
766	0	0	
767	0	0	
768	0	0	
769	0	0	
770	0	0	
771	0	0	
772	0	0	
773	0	0	
774	0	0	
775	0	0	
776	0	0	
777	0	0	
778	0	0	
779	0	0	
780	0	0	
781	0	0	
782	0	0	
783	0	0	
784	0	0	
785	0	0	
786	0	0	
787	0	0	
788	0	0	
789	0	0	
790	0	0	
791	0	0	
792	0	0	
793	0	0	
794	0	0	
795	0	0	
796	0	0	
797	0	0	
798	0	0	
799	0	0	
800	0	0	
801	0	0	
802	0	0	
803	0	0	
804	0	0	
805	0	0	
806	0	0	
807	0	0	
808	0	0	
809	0	0	
810	0	0	
811	0	0	
812	0	0	
813	0	0	
814	0	0	
815	0	0	
816	0	0	
817	0	0	
818	0	0	
819	0	0	
820	0	0	
821	0	0	
822	0	0	
823	0	0	
824	0	0	
825	0	0	
826	0	0	
827	0	0	
828	0	0	
829	0	0	
830	0	0	
831	0	0	
832	0	0	
833	0	0	
834	0	0	
835	0	0	
836	0	0	
837	0	0	
838	0	0	
839	0	0	
840	0	0	
841	0	0	
842	0	0	
843	0	0	
844	0	0	
845	0	0	
846	0	0	
847	0	0	
848	0	0	
849	0	0	
850	0	0	
851	0	0	
852	0	0	
853	0	0	
854	0	0	
855	0	0	
856	0	0	
857	0	0	
858	0	0	
859	0	0	
860	0	0	
861	0	0	
862	0	0	
863	0	0	
864	0	0	
865	0	0	
866	0	0	
867	0	0	
868	0	0	
869	0	0	
870	0	0	
871	0	0	
872	0	0	
873	0	0	
874	0	0	
875	0	0	
876	0	0	
877	0	0	
878	0	0	
879	0	0	
880	0	0	
881	0	0	
882	0	0	
883	0	0	
884	0	0	
885	0	0	
886	0	0	
887	0	0	
888	0	0	
889	0	0	
890	0	0	
891	0	0	
892	0	0	
893	0	0	
894	0	0	
895	0	0	
896	0	0	
897	0	0	
898	0	0	
899	0	0	
900	0	0	
901	0	0	
902	0	0	
903	0	0	
904	0	0	
905	0	0	
906	0	0	
907	0	0	
908	0	0	
909	0	0	
910	0	0	
911	0	0	
912	0	0	
913	0	0	
914	0	0	
915	0	0	
916	0	0	
917	0	0	
918	0	0	
919	0	0	
920	0	0	
921	0	0	
922	0	0	
923	0	0	
924	0	0	
925	0	0	
926	0	0	
927	0	0	
928	0	0	
929	0	0	
930	0	0	
931	0	0	
932	0	0	
933	0	0	
934	0	0	
935	0	0	
936	0	0	
937	0	0	
938	0	0	
939	0	0	
940	0	0	
941	0	0	
942	0	0	
943	0	0	
944	0	0	
945	0	0	
946	0	0	
947	0	0	
948	0	0	
949	0	0	
950	0	0	
951	0	0	
952	0	0	
953	0	0	
954	0	0	
955	0	0	
956	0	0	
957	0	0	
958	0	0	
959	0	0	
960	0	0	
961	0	0	
962	0	0	
963	0	0	
964	0	0	
965	0	0	
966	0	0	
967	0	0	
968	0	0	
969	0	0	
970	0	0	
971	0	0	
972	0	0	
973	0	0	
974	0	0	
975	0	0	
976	0	0	
977	0	0	
978	0	0	
979	0	0	
980	0	0	
981	0	0	
982	0	0	
983	0	0	
984	0	0	
985	0	0	
986	0	0	
987	0	0	
988	0	0	
989	0	0	
990	0	0	
991	0	0	
992	0	0	
993	0	0	
994	0	0	
995	0	0	
996	0	0	
997	0	0	
998	0	0	
999	0	0	
1000	0	0	
1001	0	0	
1002	0	0	
1003	0	0	
1004	0	0	
1005	0	0	
1006	0	0	
1007	0	0	
1008	0	0	
1009	0	0	
1010	0	0	
1011	0	0	
1012	0	0	
1013	0	0	
1014	0	0	
1015	0	0	
1016	0	0	
1017	0	0	
1018	0	0	
1019	0	0	
1020	0	0	
1021	0	0	
1022	0	0	
1023	0	0	
1024	0	0	
*************
Base composition in phased (lines 1-14) and unphased (line15) regions:  Phasing ...  G ... A ... T ... C ... N
0	19	213	189	30	0		
1	11	218	164	21	0		
2	14	232	160	3	0		
3	32	225	142	9	0		
4	57	200	113	37	0		
5	63	157	110	76	0		
6	76	136	115	77	0		
7	64	137	128	73	0		
8	67	126	131	75	0		
9	40	116	148	58	0		
10	4	32	42	10	0		
11	1	4	5	0	0		
12	0	0	0	0	0		
13	0	0	0	0	0		
14	727	1242	1323	798	0		
*************
Dinucleotide composition in phased (lines 1-14) and unphased (line15) regions:  Phasing . GG . GA . GT . GC . AG . AA . AT . AC . TG . TA . TT . TC . CG . CA . CT . CC . Total
0	1	7	5	1	9	183	33	4	9	16	144	15	0	7	7	10	451		
1	2	4	7	1	5	192	33	6	4	21	123	13	0	1	1	1	414		
2	1	22	9	0	5	186	34	1	8	19	113	2	0	5	4	0	409		
3	7	36	13	1	13	126	60	2	10	39	60	4	2	24	9	2	408		
4	7	29	21	6	21	82	42	13	19	47	34	10	10	42	16	8	407		
5	11	37	11	17	17	67	33	20	23	26	44	22	12	27	22	17	406		
6	12	23	15	14	22	52	40	24	30	33	44	22	12	28	16	17	404		
7	11	16	23	17	14	61	34	20	25	32	50	24	14	28	21	12	402		
8	7	19	11	6	21	57	46	14	27	30	60	42	12	20	14	13	399		
9	1	1	10	2	8	89	46	19	26	18	84	32	5	8	8	5	362		
10	0	1	1	0	2	27	14	2	2	3	26	8	0	1	1	0	88		
11	0	1	0	0	0	3	0	0	1	0	4	0	0	0	1	0	10		
12	0	0	0	0	0	0	0	0	0	0	0	0	0	0	0	0	0		
13	0	0	0	0	0	0	0	0	0	0	0	0	0	0	0	0	0		
14	142	259	202	126	190	491	369	185	247	241	534	300	148	251	218	187	4090		
*************
Five Base Sequence   Frequency On Face of Helix   Frequency on rear of Helix
0	GGGGG	0	0
1	GGGGA	0	0
2	GGGGT	0	0
3	GGGGC	0	0
4	GGGAG	0	0
5	GGGAA	0	0
6	GGGAT	0	0
7	GGGAC	0	0
8	GGGTG	0	0
9	GGGTA	0	0
10	GGGTT	0	0
11	GGGTC	0	0
12	GGGCG	0	0
13	GGGCA	0	0
14	GGGCT	0	0
15	GGGCC	0	0
16	GGAGG	0	0
17	GGAGA	0	0
18	GGAGT	0	0
19	GGAGC	0	0
20	GGAAG	0	0
21	GGAAA	2	0
22	GGAAT	0	1
23	GGAAC	0	0
24	GGATG	0	1
25	GGATA	0	0
26	GGATT	1	0
27	GGATC	0	0
28	GGACG	0	0
29	GGACA	0	0
30	GGACT	0	0
31	GGACC	0	1
32	GGTGG	0	0
33	GGTGA	0	0
34	GGTGT	0	0
35	GGTGC	0	0
36	GGTAG	0	0
37	GGTAA	0	0
38	GGTAT	0	0
39	GGTAC	0	1
40	GGTTG	0	0
41	GGTTA	1	0
42	GGTTT	2	1
43	GGTTC	1	0
44	GGTCG	0	0
45	GGTCA	0	0
46	GGTCT	0	0
47	GGTCC	0	0
48	GGCGG	0	0
49	GGCGA	0	0
50	GGCGT	0	0
51	GGCGC	0	0
52	GGCAG	0	0
53	GGCAA	0	0
54	GGCAT	0	0
55	GGCAC	0	0
56	GGCTG	0	0
57	GGCTA	0	0
58	GGCTT	0	0
59	GGCTC	0	1
60	GGCCG	0	0
61	GGCCA	0	0
62	GGCCT	0	1
63	GGCCC	0	0
64	GAGGG	0	0
65	GAGGA	0	1
66	GAGGT	0	0
67	GAGGC	0	0
68	GAGAG	0	0
69	GAGAA	0	1
70	GAGAT	0	0
71	GAGAC	0	0
72	GAGTG	0	0
73	GAGTA	0	0
74	GAGTT	0	0
75	GAGTC	0	0
76	GAGCG	0	0
77	GAGCA	0	0
78	GAGCT	0	1
79	GAGCC	0	1
80	GAAGG	0	0
81	GAAGA	0	0
82	GAAGT	1	1
83	GAAGC	0	0
84	GAAAG	3	0
85	GAAAA	19	2
86	GAAAT	5	0
87	GAAAC	1	1
88	GAATG	0	1
89	GAATA	0	0
90	GAATT	3	0
91	GAATC	0	1
92	GAACG	0	0
93	GAACA	0	1
94	GAACT	0	1
95	GAACC	0	0
96	GATGG	0	0
97	GATGA	0	0
98	GATGT	0	0
99	GATGC	0	1
100	GATAG	0	0
101	GATAA	1	0
102	GATAT	0	0
103	GATAC	0	1
104	GATTG	0	1
105	GATTA	0	0
106	GATTT	3	1
107	GATTC	0	0
108	GATCG	0	0
109	GATCA	0	0
110	GATCT	0	0
111	GATCC	0	0
112	GACGG	0	0
113	GACGA	0	0
114	GACGT	0	0
115	GACGC	0	0
116	GACAG	0	0
117	GACAA	0	0
118	GACAT	0	0
119	GACAC	0	0
120	GACTG	0	0
121	GACTA	0	0
122	GACTT	0	1
123	GACTC	0	1
124	GACCG	0	0
125	GACCA	0	0
126	GACCT	0	1
127	GACCC	1	0
128	GTGGG	0	0
129	GTGGA	0	0
130	GTGGT	0	0
131	GTGGC	0	0
132	GTGAG	0	0
133	GTGAA	0	0
134	GTGAT	0	0
135	GTGAC	0	0
136	GTGTG	0	0
137	GTGTA	0	1
138	GTGTT	0	0
139	GTGTC	0	0
140	GTGCG	0	0
141	GTGCA	0	0
142	GTGCT	0	0
143	GTGCC	0	0
144	GTAGG	0	0
145	GTAGA	0	1
146	GTAGT	0	1
147	GTAGC	0	1
148	GTAAG	0	0
149	GTAAA	4	0
150	GTAAT	0	1
151	GTAAC	0	0
152	GTATG	0	0
153	GTATA	0	0
154	GTATT	0	1
155	GTATC	0	0
156	GTACG	0	0
157	GTACA	0	0
158	GTACT	0	1
159	GTACC	0	0
160	GTTGG	0	0
161	GTTGA	0	3
162	GTTGT	0	0
163	GTTGC	0	0
164	GTTAG	0	0
165	GTTAA	1	0
166	GTTAT	0	0
167	GTTAC	0	0
168	GTTTG	2	0
169	GTTTA	0	0
170	GTTTT	7	0
171	GTTTC	1	0
172	GTTCG	0	0
173	GTTCA	0	1
174	GTTCT	0	0
175	GTTCC	0	0
176	GTCGG	0	0
177	GTCGA	0	0
178	GTCGT	0	0
179	GTCGC	0	0
180	GTCAG	0	0
181	GTCAA	0	0
182	GTCAT	0	0
183	GTCAC	0	0
184	GTCTG	0	0
185	GTCTA	0	0
186	GTCTT	0	0
187	GTCTC	0	0
188	GTCCG	0	0
189	GTCCA	0	0
190	GTCCT	0	0
191	GTCCC	0	0
192	GCGGG	0	1
193	GCGGA	0	0
194	GCGGT	0	0
195	GCGGC	0	0
196	GCGAG	0	0
197	GCGAA	0	2
198	GCGAT	0	0
199	GCGAC	0	0
200	GCGTG	0	0
201	GCGTA	0	0
202	GCGTT	0	0
203	GCGTC	0	0
204	GCGCG	0	0
205	GCGCA	0	0
206	GCGCT	0	0
207	GCGCC	0	1
208	GCAGG	0	0
209	GCAGA	0	0
210	GCAGT	0	0
211	GCAGC	0	0
212	GCAAG	0	0
213	GCAAA	1	1
214	GCAAT	0	0
215	GCAAC	0	0
216	GCATG	0	0
217	GCATA	0	0
218	GCATT	0	0
219	GCATC	0	0
220	GCACG	0	0
221	GCACA	0	0
222	GCACT	0	0
223	GCACC	0	0
224	GCTGG	0	0
225	GCTGA	0	0
226	GCTGT	0	0
227	GCTGC	0	0
228	GCTAG	0	0
229	GCTAA	0	0
230	GCTAT	0	0
231	GCTAC	0	0
232	GCTTG	0	0
233	GCTTA	0	0
234	GCTTT	0	0
235	GCTTC	0	0
236	GCTCG	0	0
237	GCTCA	0	0
238	GCTCT	0	0
239	GCTCC	0	0
240	GCCGG	0	0
241	GCCGA	0	0
242	GCCGT	0	0
243	GCCGC	0	0
244	GCCAG	0	0
245	GCCAA	0	1
246	GCCAT	0	0
247	GCCAC	0	0
248	GCCTG	0	0
249	GCCTA	0	0
250	GCCTT	0	0
251	GCCTC	0	0
252	GCCCG	0	0
253	GCCCA	0	0
254	GCCCT	0	0
255	GCCCC	0	0
256	AGGGG	0	0
257	AGGGA	0	0
258	AGGGT	0	0
259	AGGGC	0	0
260	AGGAG	0	0
261	AGGAA	0	1
262	AGGAT	0	1
263	AGGAC	0	0
264	AGGTG	0	0
265	AGGTA	0	0
266	AGGTT	0	0
267	AGGTC	0	0
268	AGGCG	0	0
269	AGGCA	0	0
270	AGGCT	0	0
271	AGGCC	0	0
272	AGAGG	0	0
273	AGAGA	0	1
274	AGAGT	0	0
275	AGAGC	0	1
276	AGAAG	0	0
277	AGAAA	10	0
278	AGAAT	0	0
279	AGAAC	0	0
280	AGATG	0	0
281	AGATA	0	0
282	AGATT	0	0
283	AGATC	1	0
284	AGACG	0	0
285	AGACA	0	1
286	AGACT	0	0
287	AGACC	0	1
288	AGTGG	0	0
289	AGTGA	0	1
290	AGTGT	0	1
291	AGTGC	0	1
292	AGTAG	0	0
293	AGTAA	0	1
294	AGTAT	0	2
295	AGTAC	0	1
296	AGTTG	0	1
297	AGTTA	0	0
298	AGTTT	2	0
299	AGTTC	0	1
300	AGTCG	0	1
301	AGTCA	0	0
302	AGTCT	0	0
303	AGTCC	0	0
304	AGCGG	0	0
305	AGCGA	0	1
306	AGCGT	0	0
307	AGCGC	0	1
308	AGCAG	0	0
309	AGCAA	0	0
310	AGCAT	0	1
311	AGCAC	0	0
312	AGCTG	0	0
313	AGCTA	0	0
314	AGCTT	0	0
315	AGCTC	0	0
316	AGCCG	0	0
317	AGCCA	0	0
318	AGCCT	0	0
319	AGCCC	0	1
320	AAGGG	0	1
321	AAGGA	0	0
322	AAGGT	0	0
323	AAGGC	0	0
324	AAGAG	0	0
325	AAGAA	1	0
326	AAGAT	0	0
327	AAGAC	0	0
328	AAGTG	0	0
329	AAGTA	0	0
330	AAGTT	2	1
331	AAGTC	0	0
332	AAGCG	0	0
333	AAGCA	0	1
334	AAGCT	0	0
335	AAGCC	0	0
336	AAAGG	0	0
337	AAAGA	1	0
338	AAAGT	1	0
339	AAAGC	0	0
340	AAAAG	3	2
341	AAAAA	63	12
342	AAAAT	22	6
343	AAAAC	1	1
344	AAATG	1	1
345	AAATA	4	4
346	AAATT	13	4
347	AAATC	2	1
348	AAACG	0	1
349	AAACA	1	1
350	AAACT	2	0
351	AAACC	2	0
352	AATGG	0	0
353	AATGA	0	1
354	AATGT	0	0
355	AATGC	1	1
356	AATAG	0	0
357	AATAA	4	1
358	AATAT	0	0
359	AATAC	0	1
360	AATTG	1	3
361	AATTA	0	2
362	AATTT	17	5
363	AATTC	0	3
364	AATCG	0	2
365	AATCA	0	0
366	AATCT	0	1
367	AATCC	1	1
368	AACGG	0	0
369	AACGA	0	1
370	AACGT	0	0
371	AACGC	0	0
372	AACAG	0	1
373	AACAA	0	1
374	AACAT	0	0
375	AACAC	0	0
376	AACTG	0	0
377	AACTA	0	0
378	AACTT	0	0
379	AACTC	0	0
380	AACCG	0	1
381	AACCA	0	1
382	AACCT	0	0
383	AACCC	0	1
384	ATGGG	0	1
385	ATGGA	0	1
386	ATGGT	0	0
387	ATGGC	0	1
388	ATGAG	0	0
389	ATGAA	0	1
390	ATGAT	0	0
391	ATGAC	0	0
392	ATGTG	0	0
393	ATGTA	1	1
394	ATGTT	1	1
395	ATGTC	0	0
396	ATGCG	0	0
397	ATGCA	0	1
398	ATGCT	1	1
399	ATGCC	0	0
400	ATAGG	0	0
401	ATAGA	0	0
402	ATAGT	0	0
403	ATAGC	0	0
404	ATAAG	0	0
405	ATAAA	3	0
406	ATAAT	0	0
407	ATAAC	0	1
408	ATATG	0	3
409	ATATA	1	0
410	ATATT	2	1
411	ATATC	0	0
412	ATACG	0	1
413	ATACA	1	0
414	ATACT	0	0
415	ATACC	0	0
416	ATTGG	0	1
417	ATTGA	0	3
418	ATTGT	0	1
419	ATTGC	0	1
420	ATTAG	0	0
421	ATTAA	5	3
422	ATTAT	1	1
423	ATTAC	0	1
424	ATTTG	1	1
425	ATTTA	3	2
426	ATTTT	39	2
427	ATTTC	3	2
428	ATTCG	0	0
429	ATTCA	1	3
430	ATTCT	0	1
431	ATTCC	1	1
432	ATCGG	0	0
433	ATCGA	0	0
434	ATCGT	0	0
435	ATCGC	0	1
436	ATCAG	0	1
437	ATCAA	0	2
438	ATCAT	0	1
439	ATCAC	0	1
440	ATCTG	0	1
441	ATCTA	0	1
442	ATCTT	0	0
443	ATCTC	0	0
444	ATCCG	0	1
445	ATCCA	0	0
446	ATCCT	0	0
447	ATCCC	0	0
448	ACGGG	0	1
449	ACGGA	0	0
450	ACGGT	0	0
451	ACGGC	0	0
452	ACGAG	0	0
453	ACGAA	0	1
454	ACGAT	0	0
455	ACGAC	0	0
456	ACGTG	0	0
457	ACGTA	0	0
458	ACGTT	0	0
459	ACGTC	0	0
460	ACGCG	0	0
461	ACGCA	0	0
462	ACGCT	0	0
463	ACGCC	0	0
464	ACAGG	0	0
465	ACAGA	0	0
466	ACAGT	0	0
467	ACAGC	0	1
468	ACAAG	0	0
469	ACAAA	0	0
470	ACAAT	0	0
471	ACAAC	0	0
472	ACATG	0	0
473	ACATA	0	0
474	ACATT	0	2
475	ACATC	0	0
476	ACACG	0	0
477	ACACA	0	0
478	ACACT	0	0
479	ACACC	0	0
480	ACTGG	0	0
481	ACTGA	1	0
482	ACTGT	0	0
483	ACTGC	0	0
484	ACTAG	0	0
485	ACTAA	0	1
486	ACTAT	0	1
487	ACTAC	0	1
488	ACTTG	0	0
489	ACTTA	0	0
490	ACTTT	1	0
491	ACTTC	0	0
492	ACTCG	0	0
493	ACTCA	0	0
494	ACTCT	0	0
495	ACTCC	0	0
496	ACCGG	0	0
497	ACCGA	0	2
498	ACCGT	0	0
499	ACCGC	0	0
500	ACCAG	0	1
501	ACCAA	0	1
502	ACCAT	0	0
503	ACCAC	0	0
504	ACCTG	0	0
505	ACCTA	0	0
506	ACCTT	0	0
507	ACCTC	0	0
508	ACCCG	0	0
509	ACCCA	0	0
510	ACCCT	0	1
511	ACCCC	0	1
512	TGGGG	0	0
513	TGGGA	0	1
514	TGGGT	0	0
515	TGGGC	0	0
516	TGGAG	0	1
517	TGGAA	0	2
518	TGGAT	0	0
519	TGGAC	0	1
520	TGGTG	0	0
521	TGGTA	0	0
522	TGGTT	0	2
523	TGGTC	0	0
524	TGGCG	0	0
525	TGGCA	0	0
526	TGGCT	0	0
527	TGGCC	0	0
528	TGAGG	0	1
529	TGAGA	0	0
530	TGAGT	0	0
531	TGAGC	0	1
532	TGAAG	0	0
533	TGAAA	6	1
534	TGAAT	1	1
535	TGAAC	0	0
536	TGATG	0	0
537	TGATA	0	0
538	TGATT	0	0
539	TGATC	0	0
540	TGACG	0	0
541	TGACA	0	0
542	TGACT	0	0
543	TGACC	0	0
544	TGTGG	0	0
545	TGTGA	0	0
546	TGTGT	0	0
547	TGTGC	0	0
548	TGTAG	0	1
549	TGTAA	1	2
550	TGTAT	0	0
551	TGTAC	0	0
552	TGTTG	0	1
553	TGTTA	0	0
554	TGTTT	3	4
555	TGTTC	0	1
556	TGTCG	0	0
557	TGTCA	0	0
558	TGTCT	0	0
559	TGTCC	0	0
560	TGCGG	0	1
561	TGCGA	0	0
562	TGCGT	0	1
563	TGCGC	0	0
564	TGCAG	0	0
565	TGCAA	0	2
566	TGCAT	0	0
567	TGCAC	0	0
568	TGCTG	0	0
569	TGCTA	0	0
570	TGCTT	0	1
571	TGCTC	0	0
572	TGCCG	0	1
573	TGCCA	0	1
574	TGCCT	0	0
575	TGCCC	0	0
576	TAGGG	0	0
577	TAGGA	0	0
578	TAGGT	0	0
579	TAGGC	0	0
580	TAGAG	0	1
581	TAGAA	1	1
582	TAGAT	0	0
583	TAGAC	0	0
584	TAGTG	0	0
585	TAGTA	0	1
586	TAGTT	0	0
587	TAGTC	0	1
588	TAGCG	0	0
589	TAGCA	0	0
590	TAGCT	0	1
591	TAGCC	0	0
592	TAAGG	0	0
593	TAAGA	3	0
594	TAAGT	0	0
595	TAAGC	0	0
596	TAAAG	2	1
597	TAAAA	23	2
598	TAAAT	0	2
599	TAAAC	0	2
600	TAATG	0	0
601	TAATA	1	1
602	TAATT	2	1
603	TAATC	1	1
604	TAACG	0	0
605	TAACA	0	1
606	TAACT	0	2
607	TAACC	0	0
608	TATGG	0	0
609	TATGA	0	1
610	TATGT	0	0
611	TATGC	0	0
612	TATAG	0	0
613	TATAA	0	1
614	TATAT	0	1
615	TATAC	0	0
616	TATTG	0	0
617	TATTA	0	0
618	TATTT	7	0
619	TATTC	0	0
620	TATCG	0	0
621	TATCA	0	0
622	TATCT	0	0
623	TATCC	0	0
624	TACGG	0	0
625	TACGA	0	0
626	TACGT	0	0
627	TACGC	0	0
628	TACAG	0	1
629	TACAA	0	2
630	TACAT	0	1
631	TACAC	0	2
632	TACTG	0	1
633	TACTA	0	0
634	TACTT	0	1
635	TACTC	0	1
636	TACCG	0	0
637	TACCA	0	0
638	TACCT	0	0
639	TACCC	0	0
640	TTGGG	0	1
641	TTGGA	1	0
642	TTGGT	0	0
643	TTGGC	0	0
644	TTGAG	0	1
645	TTGAA	2	5
646	TTGAT	0	1
647	TTGAC	0	0
648	TTGTG	0	1
649	TTGTA	1	2
650	TTGTT	2	0
651	TTGTC	0	1
652	TTGCG	0	0
653	TTGCA	0	1
654	TTGCT	0	1
655	TTGCC	0	1
656	TTAGG	0	0
657	TTAGA	0	5
658	TTAGT	0	0
659	TTAGC	0	0
660	TTAAG	0	1
661	TTAAA	3	2
662	TTAAT	1	2
663	TTAAC	0	0
664	TTATG	0	0
665	TTATA	0	0
666	TTATT	2	1
667	TTATC	0	0
668	TTACG	0	0
669	TTACA	0	2
670	TTACT	0	0
671	TTACC	0	1
672	TTTGG	0	0
673	TTTGA	1	3
674	TTTGT	3	0
675	TTTGC	0	2
676	TTTAG	1	0
677	TTTAA	5	1
678	TTTAT	0	1
679	TTTAC	0	0
680	TTTTG	3	0
681	TTTTA	4	1
682	TTTTT	29	2
683	TTTTC	4	3
684	TTTCG	0	2
685	TTTCA	4	1
686	TTTCT	4	1
687	TTTCC	5	3
688	TTCGG	0	1
689	TTCGA	0	1
690	TTCGT	0	0
691	TTCGC	0	1
692	TTCAG	0	0
693	TTCAA	1	3
694	TTCAT	0	0
695	TTCAC	0	2
696	TTCTG	0	1
697	TTCTA	0	1
698	TTCTT	1	0
699	TTCTC	0	0
700	TTCCG	0	0
701	TTCCA	0	3
702	TTCCT	0	0
703	TTCCC	0	0
704	TCGGG	0	1
705	TCGGA	0	0
706	TCGGT	0	0
707	TCGGC	0	0
708	TCGAG	0	1
709	TCGAA	0	0
710	TCGAT	0	2
711	TCGAC	0	0
712	TCGTG	0	0
713	TCGTA	0	1
714	TCGTT	0	0
715	TCGTC	0	0
716	TCGCG	0	1
717	TCGCA	0	1
718	TCGCT	0	0
719	TCGCC	0	1
720	TCAGG	0	0
721	TCAGA	0	1
722	TCAGT	0	0
723	TCAGC	0	1
724	TCAAG	0	1
725	TCAAA	3	2
726	TCAAT	0	1
727	TCAAC	0	1
728	TCATG	0	2
729	TCATA	0	2
730	TCATT	0	5
731	TCATC	0	0
732	TCACG	0	0
733	TCACA	0	0
734	TCACT	0	0
735	TCACC	0	1
736	TCTGG	0	0
737	TCTGA	0	3
738	TCTGT	0	1
739	TCTGC	0	0
740	TCTAG	0	0
741	TCTAA	0	4
742	TCTAT	0	0
743	TCTAC	1	1
744	TCTTG	0	0
745	TCTTA	0	1
746	TCTTT	0	1
747	TCTTC	0	1
748	TCTCG	0	0
749	TCTCA	0	1
750	TCTCT	0	0
751	TCTCC	0	0
752	TCCGG	0	0
753	TCCGA	0	1
754	TCCGT	0	0
755	TCCGC	0	0
756	TCCAG	0	1
757	TCCAA	0	0
758	TCCAT	0	0
759	TCCAC	0	0
760	TCCTG	0	0
761	TCCTA	0	0
762	TCCTT	0	0
763	TCCTC	0	0
764	TCCCG	0	0
765	TCCCA	0	1
766	TCCCT	0	1
767	TCCCC	0	0
768	CGGGG	0	0
769	CGGGA	0	0
770	CGGGT	0	0
771	CGGGC	0	0
772	CGGAG	0	0
773	CGGAA	0	0
774	CGGAT	0	0
775	CGGAC	0	0
776	CGGTG	0	1
777	CGGTA	0	0
778	CGGTT	1	0
779	CGGTC	0	0
780	CGGCG	0	0
781	CGGCA	0	0
782	CGGCT	0	1
783	CGGCC	0	0
784	CGAGG	0	0
785	CGAGA	0	0
786	CGAGT	0	0
787	CGAGC	0	0
788	CGAAG	0	0
789	CGAAA	1	2
790	CGAAT	0	0
791	CGAAC	0	0
792	CGATG	0	1
793	CGATA	0	0
794	CGATT	0	0
795	CGATC	0	0
796	CGACG	0	0
797	CGACA	0	0
798	CGACT	0	1
799	CGACC	0	1
800	CGTGG	0	0
801	CGTGA	0	0
802	CGTGT	0	0
803	CGTGC	0	0
804	CGTAG	0	1
805	CGTAA	0	0
806	CGTAT	0	0
807	CGTAC	0	0
808	CGTTG	0	0
809	CGTTA	0	0
810	CGTTT	0	0
811	CGTTC	0	0
812	CGTCG	0	0
813	CGTCA	0	0
814	CGTCT	0	0
815	CGTCC	0	0
816	CGCGG	0	0
817	CGCGA	0	0
818	CGCGT	0	0
819	CGCGC	0	0
820	CGCAG	0	0
821	CGCAA	0	0
822	CGCAT	0	1
823	CGCAC	0	0
824	CGCTG	0	1
825	CGCTA	0	1
826	CGCTT	0	0
827	CGCTC	0	1
828	CGCCG	0	0
829	CGCCA	0	0
830	CGCCT	0	0
831	CGCCC	0	0
832	CAGGG	1	0
833	CAGGA	0	0
834	CAGGT	0	1
835	CAGGC	0	0
836	CAGAG	0	0
837	CAGAA	0	0
838	CAGAT	0	0
839	CAGAC	0	0
840	CAGTG	0	0
841	CAGTA	0	1
842	CAGTT	0	0
843	CAGTC	1	0
844	CAGCG	0	0
845	CAGCA	0	0
846	CAGCT	0	0
847	CAGCC	0	0
848	CAAGG	0	0
849	CAAGA	0	0
850	CAAGT	0	0
851	CAAGC	0	1
852	CAAAG	0	0
853	CAAAA	18	3
854	CAAAT	2	1
855	CAAAC	1	0
856	CAATG	0	0
857	CAATA	0	2
858	CAATT	1	0
859	CAATC	0	0
860	CAACG	0	0
861	CAACA	0	1
862	CAACT	0	1
863	CAACC	0	0
864	CATGG	0	0
865	CATGA	0	0
866	CATGT	0	2
867	CATGC	0	0
868	CATAG	0	0
869	CATAA	0	0
870	CATAT	0	1
871	CATAC	0	1
872	CATTG	0	0
873	CATTA	0	1
874	CATTT	0	2
875	CATTC	0	0
876	CATCG	0	0
877	CATCA	0	0
878	CATCT	0	0
879	CATCC	0	0
880	CACGG	0	0
881	CACGA	0	0
882	CACGT	0	0
883	CACGC	0	0
884	CACAG	0	0
885	CACAA	0	0
886	CACAT	0	0
887	CACAC	0	0
888	CACTG	0	0
889	CACTA	0	0
890	CACTT	0	0
891	CACTC	0	1
892	CACCG	0	0
893	CACCA	0	0
894	CACCT	0	1
895	CACCC	0	0
896	CTGGG	0	0
897	CTGGA	0	1
898	CTGGT	0	0
899	CTGGC	0	0
900	CTGAG	0	0
901	CTGAA	0	0
902	CTGAT	0	0
903	CTGAC	0	0
904	CTGTG	0	0
905	CTGTA	0	0
906	CTGTT	0	0
907	CTGTC	0	0
908	CTGCG	0	0
909	CTGCA	0	0
910	CTGCT	0	0
911	CTGCC	0	0
912	CTAGG	0	1
913	CTAGA	0	1
914	CTAGT	0	0
915	CTAGC	0	0
916	CTAAG	0	0
917	CTAAA	3	0
918	CTAAT	1	0
919	CTAAC	0	0
920	CTATG	0	1
921	CTATA	0	0
922	CTATT	0	0
923	CTATC	0	0
924	CTACG	0	1
925	CTACA	0	2
926	CTACT	0	0
927	CTACC	0	0
928	CTTGG	0	0
929	CTTGA	0	0
930	CTTGT	0	1
931	CTTGC	0	0
932	CTTAG	0	1
933	CTTAA	0	0
934	CTTAT	0	0
935	CTTAC	0	0
936	CTTTG	1	0
937	CTTTA	0	0
938	CTTTT	3	0
939	CTTTC	1	1
940	CTTCG	0	0
941	CTTCA	0	2
942	CTTCT	0	0
943	CTTCC	0	0
944	CTCGG	0	0
945	CTCGA	0	0
946	CTCGT	0	0
947	CTCGC	0	0
948	CTCAG	0	0
949	CTCAA	0	0
950	CTCAT	0	1
951	CTCAC	0	0
952	CTCTG	0	0
953	CTCTA	0	0
954	CTCTT	0	1
955	CTCTC	0	0
956	CTCCG	0	0
957	CTCCA	0	0
958	CTCCT	0	0
959	CTCCC	0	0
960	CCGGG	0	0
961	CCGGA	0	0
962	CCGGT	0	0
963	CCGGC	0	0
964	CCGAG	0	0
965	CCGAA	0	0
966	CCGAT	0	0
967	CCGAC	0	0
968	CCGTG	0	0
969	CCGTA	0	0
970	CCGTT	0	0
971	CCGTC	0	0
972	CCGCG	0	0
973	CCGCA	0	0
974	CCGCT	0	0
975	CCGCC	0	0
976	CCAGG	0	0
977	CCAGA	0	1
978	CCAGT	0	1
979	CCAGC	0	1
980	CCAAG	0	0
981	CCAAA	1	0
982	CCAAT	0	0
983	CCAAC	0	0
984	CCATG	0	0
985	CCATA	0	0
986	CCATT	0	3
987	CCATC	0	0
988	CCACG	0	0
989	CCACA	0	0
990	CCACT	0	1
991	CCACC	0	0
992	CCTGG	0	0
993	CCTGA	0	2
994	CCTGT	0	0
995	CCTGC	0	0
996	CCTAG	0	0
997	CCTAA	1	0
998	CCTAT	0	1
999	CCTAC	0	0
1000	CCTTG	0	0
1001	CCTTA	0	0
1002	CCTTT	0	0
1003	CCTTC	0	0
1004	CCTCG	0	0
1005	CCTCA	0	0
1006	CCTCT	0	2
1007	CCTCC	0	0
1008	CCCGG	0	0
1009	CCCGA	0	0
1010	CCCGT	0	0
1011	CCCGC	0	0
1012	CCCAG	0	0
1013	CCCAA	0	0
1014	CCCAT	0	1
1015	CCCAC	0	0
1016	CCCTG	0	0
1017	CCCTA	0	0
1018	CCCTT	0	0
1019	CCCTC	0	0
1020	CCCCG	0	0
1021	CCCCA	0	0
1022	CCCCT	0	0
1023	CCCCC	0	0

*************
Most closely matching sequences in dataset follow- end of sequence is closest match
Approximate numerical position of sequence=177
Score of position=130
tttttaagct
ttgaccgact
taaaattaga
tttctgagcc
tattttctga
gaattggaat
ttttttcatt
gtgaaagttc
aaagaatagc
gtgaatgatt
agaaaatatt
gtaaaatttc
aattttttcc
tataaaaaag
gattttttta
ggaatcaaaa
attgcaaaat
gatgccctaa
aattcgaaaa
taaatataaa
aattggcggt
ttctcaaaaa
tctagaattc
cgaccttaat
tattaatttt
t
































































































Approximate numerical position of sequence=6946
Score of position=284
atttttcgac
tttttcaaaa
taaataagtt
caaataaaat
ggaaattcag
cgaaaaaaaa
gtaaattttt
atgagaaaaa
tgaagaaaat
ttaaaaaaaa
acaaaaaaat
tttttcgcta
taaaaaaaat
tagaaacgaa
tattttcaag
aaaattcaat
aattttgatt
gaaaattgga
gaaaaaagtt
ccagtttttt
gctatttttc
ttatttttta
ttgaaaaaaa
aaatttaaaa
atcgataatt
t
































































































Approximate numerical position of sequence=495
Score of position=239
tcaattaaat
tttcgatttt
ttgagtaaaa
tttcgaattt
actattattt
ggaccaaaat
tgtatttttt
tttcagaatt
aaatttataa
aattttcaga
aattaaattt
ataaaaaaaa
aaaaaaatta
aaaaaaaaaa
aaaaaaatta
aaaattaaaa
attaaaaaat
taagtttttt
ttactcaaaa
ttttgcactg
aaattcgaaa
atctaaaaat
ccgacctaaa
gtctgtattt
tttcaacaaa
a
































































































Approximate numerical position of sequence=4008
Score of position=274
ggtttaaaaa
aatgcaaaaa
aaaatttaag
atgcttttaa
ttacacaaaa
aatgaaagta
aaaaaaatta
aaatattgaa
aaatgtatat
ttgtttgaaa
aggtacattt
ttcaatgcaa
aaaatgtttc
taaaaattaa
aaaaatatgt
ttaaattgtg
taaagtgtaa
attaaaaaat
aaaattatga
aaaagtattg
tttcatactt
tttctaaatt
ttggttgaaa
aatttaaaat
tccagctttt
t
































































































Approximate numerical position of sequence=871
Score of position=360
tctgaaaatt
gaattaattt
ctgaacttta
gagatttttt
gtcaaaattt
tagataaagg
gatttttaaa
caaaaaattg
attttttaat
cgaaaaatac
tgggatttat
gggtttttta
aaagaaaaac
gggggtttga
atgaaaaatc
gcctgaaatc
ttagaaaatt
aattaaaaaa
ctatgattta
attccaaaaa
ttaccgaaaa
tatcaaattt
tccattttta
aaccctaaat
tctttcagAA
A
































































































Approximate numerical position of sequence=1407
Score of position=400
tcaaaattgc
aataaaaatt
ccacaaacat
caaatttctt
aaatttttta
taaaaaattg
gatggaaaca
ctcttgaatt
tagaaaaaaa
atcagttttt
ctcatctaaa
acttcaaaat
ttcggtgtaa
tcccattaaa
attgccacaa
aattcggaaa
tttcacctga
aatagagtga
ataatttaaa
atgttcagaa
attcatattt
tgtcatttta
aaagcattaa
aacaaatcaa
aaatctattt
t
































































































Approximate numerical position of sequence=1554
Score of position=208
caaaattcgg
aaatttcacc
tgaaatagag
tgaataattt
aaaatgttca
gaaattcata
ttttgtcatt
ttaaaagcat
taaaacaaat
caaaaatcta
ttttttttgg
ttggaaaagt
tcaaaattct
ggagaaatta
cattaaaatt
ttcgtaaaat
atggtaaata
aacgaaaatg
ttgagaaatt
aaagaaaagt
tacaattttt
agcttaaaaa
ttcaacattt
tgaggaaatg
ccacctaaaa
a
































































































Approximate numerical position of sequence=2841
Score of position=196
gtagtttgta
aaattaaaaa
aaaaacgcaa
aaaaatgttt
tcaaaaatgc
ttagaataaa
aataaaattt
ctaaaaaatt
gaacaaaata
aacatttaaa
aattcaaaaa
gtttgaaaaa
atgcaaagtt
ttttaatgca
aaaaatattt
aatgtttaaa
caaatttaaa
aaatgttgta
agaatatgtt
tagagacagt
ttttaaatgt
taaattgcaa
aaaaaaaaaa
gcaaaaaaaa
atttgaaaaa
t
































































































Approximate numerical position of sequence=2231
Score of position=134
TGATAGAGCT
CACACGAAAG
GAGTTTGTGC
TGTTCGATTC
TCAAAAGATA
ATTCACATAT
TTTGTCGGGT
GGAAATGATC
ATGTTGTGAG
gtacgactac
ctgcctgcct
accgcctaaa
ttttttgtga
agtttcttca
aaaaatccag
aaaaaaaaac
aattttcata
cgattttttc
ccttaaaatt
gtgaattttc
atgcttttta
gccccaaaag
tcattatttg
agaaaaaatt
tcatacaaaa
a
































































































*************
