*************
Bases from end of subseq   Bases in phased subseq with that location   Phased Bases with that location
8	16	0
24	16	0
40	16	0
56	16	8
72	16	16
88	16	16
104	16	13
120	16	0
136	16	0
152	16	0
168	16	0
184	16	0
200	16	0
216	16	0
232	16	0
248	16	12
264	16	16
280	16	16
296	16	16
312	16	16
328	16	16
344	16	16
360	16	7
376	16	0
392	16	0
408	16	0
424	16	0
440	16	0
456	16	0
472	16	0
488	16	5
504	16	16
520	16	16
536	16	16
552	16	16
568	16	16
584	16	8
600	16	12
616	16	16
632	16	16
648	16	16
664	16	16
680	16	16
696	16	16
712	16	16
728	16	16
744	16	16
760	16	16
776	16	12
792	16	0
808	16	0
824	16	0
840	16	0
856	16	0
872	16	0
888	16	0
904	16	0
920	16	0
936	16	0
952	16	0
968	16	0
984	16	0
1000	16	0
1016	16	0
1032	15	0
1048	16	0
1064	16	0
1080	16	0
1096	16	0
1112	16	0
1128	16	0
1144	16	0
1160	16	0
1176	16	0
1192	16	16
1208	16	16
1224	16	16
1240	16	16
1256	16	16
1272	16	16
1288	16	16
1304	16	16
1320	16	16
1336	16	16
1352	16	16
1368	16	16
1384	16	16
1400	16	16
1416	16	16
1432	16	16
1448	16	16
1464	16	16
1480	16	3
1496	16	0
1512	16	0
1528	16	0
1544	16	2
1560	16	16
1576	16	16
1592	16	16
1608	16	16
1624	16	16
1640	16	14
1656	16	0
1672	16	0
1688	16	0
1704	16	0
1720	16	0
1736	16	0
1752	16	0
1768	16	15
1784	16	16
1800	16	16
1816	16	16
1832	16	9
1848	16	11
1864	16	16
1880	16	16
1896	16	16
1912	16	16
1928	16	16
1944	16	16
1960	16	16
1976	16	16
1992	16	16
2008	16	16
2024	16	16
2040	16	16
2056	15	15
2072	16	16
2088	16	16
2104	16	16
2120	16	16
2136	16	16
2152	16	16
2168	16	9
2184	16	0
2200	16	0
2216	16	0
2232	16	0
2248	16	0
2264	16	0
2280	16	0
2296	16	6
2312	16	16
2328	16	16
2344	16	16
2360	16	16
2376	16	16
2392	16	16
2408	16	16
2424	16	16
2440	16	16
2456	16	16
2472	16	16
2488	16	16
2504	16	16
2520	16	16
2536	16	16
2552	16	16
2568	16	16
2584	16	16
2600	16	16
2616	16	16
2632	16	9
2648	16	3
2664	16	16
2680	16	16
2696	16	16
2712	16	16
2728	16	16
2744	16	16
2760	16	16
2776	16	16
2792	16	16
2808	16	16
2824	16	16
2840	16	16
2856	16	16
2872	16	6
2888	16	0
2904	16	6
2920	16	16
2936	16	16
2952	16	16
2968	16	6
2984	16	0
3000	16	0
3016	16	0
3032	16	0
3048	16	0
3064	16	0
3080	16	0
3096	16	0
3112	16	0
3128	16	0
3144	16	0
3160	16	0
3176	16	0
3192	16	0
3208	16	0
3224	16	0
3240	16	0
3256	16	0
3272	16	0
3288	16	0
3304	16	0
3320	16	0
3336	16	0
3352	16	0
3368	16	0
3384	16	0
3400	16	8
3416	16	16
3432	16	16
3448	16	16
3464	16	16
3480	16	16
3496	16	16
3512	16	13
3528	16	0
3544	16	0
3560	16	0
3576	16	4
3592	16	16
3608	16	16
3624	16	16
3640	16	16
3656	16	14
3672	16	0
3688	16	0
3704	16	0
3720	16	0
3736	16	0
3752	16	0
3768	16	0
3784	16	0
3800	16	0
3816	16	0
3832	16	0
3848	16	0
3864	16	0
3880	16	0
3896	16	0
3912	16	0
3928	16	0
3944	16	0
3960	16	14
3976	16	16
3992	16	16
4008	16	6
4024	16	0
4040	16	0
4056	16	0
4072	16	0
4088	16	0
4104	15	0
4120	16	0
4136	16	0
4152	16	0
4168	16	0
4184	16	0
4200	16	0
4216	16	0
4232	16	0
4248	16	15
4264	16	16
4280	16	16
4296	16	14
4312	16	0
4328	16	0
4344	16	0
4360	16	14
4376	16	16
4392	16	16
4408	16	16
4424	16	16
4440	16	16
4456	16	16
4472	16	16
4488	16	10
4504	16	0
4520	16	0
4536	16	0
4552	16	0
4568	16	0
4584	16	0
4600	16	0
4616	16	0
4632	16	13
4648	16	16
4664	16	16
4680	16	16
4696	16	3
4712	16	0
4728	16	0
4744	16	0
4760	16	0
4776	16	0
4792	16	0
4808	16	0
4824	16	0
4840	16	0
4856	16	0
4872	16	0
4888	16	0
4904	16	0
4920	16	0
4936	16	0
4952	16	2
4968	16	16
4984	16	16
5000	16	16
5016	16	16
5032	16	16
5048	16	16
5064	16	16
5080	16	16
5096	16	6
5112	16	15
5128	16	16
5144	16	16
5160	16	16
5176	16	16
5192	16	16
5208	16	16
5224	16	16
5240	16	16
5256	16	16
5272	16	16
5288	16	16
5304	16	16
5320	16	4
5336	16	0
5352	16	16
5368	16	16
5384	16	16
5400	16	16
5416	16	10
5432	16	0
5448	16	0
5464	16	0
5480	16	5
5496	16	16
5512	16	16
5528	16	16
5544	16	16
5560	16	16
5576	16	16
5592	16	4
5608	16	0
5624	16	0
5640	16	0
5656	16	0
5672	16	0
5688	16	0
5704	16	0
5720	16	0
5736	16	0
5752	16	0
5768	16	2
5784	16	16
5800	16	16
5816	16	16
5832	16	14
5848	16	0
5864	16	0
5880	16	0
5896	16	11
5912	16	0
5928	16	0
5944	16	0
5960	16	0
5976	16	0
5992	16	14
6008	16	16
6024	16	16
6040	16	16
6056	16	4
6072	16	0
6088	16	0
6104	16	3
6120	16	16
6136	16	16
6152	16	16
6168	16	16
6184	16	16
6200	16	9
6216	16	0
6232	16	0
6248	16	0
6264	16	0
6280	16	0
6296	16	0
6312	16	0
6328	16	0
6344	16	0
6360	16	0
6376	16	0
6392	16	0
6408	16	9
6424	16	16
6440	16	16
6456	16	16
6472	16	16
6488	16	16
6504	16	16
6520	16	16
6536	16	8
6552	16	0
6568	16	0
6584	16	0
6600	16	0
6616	16	0
6632	16	0
6648	16	0
6664	16	0
6680	16	0
6696	16	0
6712	16	0
6728	16	0
6744	16	0
6760	16	0
6776	16	0
6792	16	0
6808	16	0
6824	16	0
6840	16	0
6856	16	0
6872	16	7
6888	16	16
6904	16	16
6920	16	16
6936	16	16
6952	16	0
6968	16	0
6984	16	0
7000	16	0
7016	16	0
7032	16	0
7048	16	0
7064	16	0
7080	16	0
7096	16	0
7112	16	0
7128	16	0
7144	16	0
7160	16	0
7176	16	0
7192	16	0
7208	16	4
7224	16	16
7240	16	16
7256	16	16
7272	16	16
7288	16	16
7304	16	16
7320	16	16
7336	16	16
7352	16	16
7368	16	16
7384	16	13
7400	16	0
7416	16	0
7432	16	0
7448	16	0
7464	16	0
7480	16	0
7496	16	0
7512	16	8
7528	16	13
7544	16	0
7560	16	0
7576	16	0
7592	16	0
7608	16	0
7624	16	0
7640	16	4
7656	16	16
7672	16	16
7688	16	16
7704	16	16
7720	16	16
7736	16	16
7752	16	16
7768	16	16
7784	16	9
7800	16	0
7816	16	0
7832	16	0
7848	16	0
7864	16	0
7880	16	0
7896	16	0
7912	16	0
7928	16	0
7944	16	0
7960	16	0
7976	16	0
7992	16	0
8008	16	0
8024	16	0
8040	16	10
8056	16	16
8072	16	16
8088	16	11
8104	16	5
8120	16	16
8136	16	16
8152	16	16
8168	16	16
8184	16	16
8200	15	15
8216	16	16
8232	16	9
8248	16	0
8264	16	0
8280	16	0
8296	16	0
8312	16	0
8328	16	0
8344	16	0
8360	16	6
8376	16	16
8392	16	11
8408	16	0
8424	16	0
8440	16	0
8456	16	0
8472	16	15
8488	16	16
8504	16	16
8520	16	16
8536	4	3
8552	0	0
8568	0	0
8584	0	0
8600	0	0
8616	0	0
8632	0	0
8648	0	0
8664	0	0
8680	0	0
8696	0	0
8712	0	0
8728	0	0
8744	0	0
8760	0	0
8776	0	0
8792	0	0
8808	0	0
8824	0	0
8840	0	0
8856	0	0
8872	0	0
8888	0	0
8904	0	0
8920	0	0
8936	0	0
8952	0	0
8968	0	0
8984	0	0
9000	0	0
9016	0	0
9032	0	0
9048	0	0
9064	0	0
9080	0	0
9096	0	0
9112	0	0
9128	0	0
9144	0	0
9160	0	0
9176	0	0
9192	0	0
9208	0	0
9224	0	0
9240	0	0
9256	0	0
9272	0	0
9288	0	0
9304	0	0
9320	0	0
9336	0	0
9352	0	0
9368	0	0
9384	0	0
9400	0	0
9416	0	0
9432	0	0
9448	0	0
9464	0	0
9480	0	0
9496	0	0
9512	0	0
9528	0	0
9544	0	0
9560	0	0
9576	0	0
9592	0	0
9608	0	0
9624	0	0
9640	0	0
9656	0	0
9672	0	0
9688	0	0
9704	0	0
9720	0	0
9736	0	0
9752	0	0
9768	0	0
9784	0	0
9800	0	0
9816	0	0
9832	0	0
9848	0	0
9864	0	0
9880	0	0
9896	0	0
9912	0	0
9928	0	0
9944	0	0
9960	0	0
9976	0	0
9992	0	0
10008	0	0
10024	0	0
10040	0	0
10056	0	0
10072	0	0
10088	0	0
10104	0	0
10120	0	0
10136	0	0
10152	0	0
10168	0	0
10184	0	0
10200	0	0
10216	0	0
10232	0	0
10248	0	0
10264	0	0
10280	0	0
10296	0	0
10312	0	0
10328	0	0
10344	0	0
10360	0	0
10376	0	0
10392	0	0
10408	0	0
10424	0	0
10440	0	0
10456	0	0
10472	0	0
10488	0	0
10504	0	0
10520	0	0
10536	0	0
10552	0	0
10568	0	0
10584	0	0
10600	0	0
10616	0	0
10632	0	0
10648	0	0
10664	0	0
10680	0	0
10696	0	0
10712	0	0
10728	0	0
10744	0	0
10760	0	0
10776	0	0
10792	0	0
10808	0	0
10824	0	0
10840	0	0
10856	0	0
10872	0	0
10888	0	0
10904	0	0
10920	0	0
10936	0	0
10952	0	0
10968	0	0
10984	0	0
11000	0	0
11016	0	0
11032	0	0
11048	0	0
11064	0	0
11080	0	0
11096	0	0
11112	0	0
11128	0	0
11144	0	0
11160	0	0
11176	0	0
11192	0	0
11208	0	0
11224	0	0
11240	0	0
11256	0	0
11272	0	0
11288	0	0
11304	0	0
11320	0	0
11336	0	0
11352	0	0
11368	0	0
11384	0	0
11400	0	0
11416	0	0
11432	0	0
11448	0	0
11464	0	0
11480	0	0
11496	0	0
11512	0	0
11528	0	0
11544	0	0
11560	0	0
11576	0	0
11592	0	0
11608	0	0
11624	0	0
11640	0	0
11656	0	0
11672	0	0
11688	0	0
11704	0	0
11720	0	0
11736	0	0
11752	0	0
11768	0	0
11784	0	0
11800	0	0
11816	0	0
11832	0	0
11848	0	0
11864	0	0
11880	0	0
11896	0	0
11912	0	0
11928	0	0
11944	0	0
11960	0	0
11976	0	0
11992	0	0
12008	0	0
12024	0	0
12040	0	0
12056	0	0
12072	0	0
12088	0	0
12104	0	0
12120	0	0
12136	0	0
12152	0	0
12168	0	0
12184	0	0
12200	0	0
12216	0	0
12232	0	0
12248	0	0
12264	0	0
12280	0	0
12296	0	0
12312	0	0
12328	0	0
12344	0	0
12360	0	0
12376	0	0
12392	0	0
12408	0	0
12424	0	0
12440	0	0
12456	0	0
12472	0	0
12488	0	0
12504	0	0
12520	0	0
12536	0	0
12552	0	0
12568	0	0
12584	0	0
12600	0	0
12616	0	0
12632	0	0
12648	0	0
12664	0	0
12680	0	0
12696	0	0
12712	0	0
12728	0	0
12744	0	0
12760	0	0
12776	0	0
12792	0	0
12808	0	0
12824	0	0
12840	0	0
12856	0	0
12872	0	0
12888	0	0
12904	0	0
12920	0	0
12936	0	0
12952	0	0
12968	0	0
12984	0	0
13000	0	0
13016	0	0
13032	0	0
13048	0	0
13064	0	0
13080	0	0
13096	0	0
13112	0	0
13128	0	0
13144	0	0
13160	0	0
13176	0	0
13192	0	0
13208	0	0
13224	0	0
13240	0	0
13256	0	0
13272	0	0
13288	0	0
13304	0	0
13320	0	0
13336	0	0
13352	0	0
13368	0	0
13384	0	0
13400	0	0
13416	0	0
13432	0	0
13448	0	0
13464	0	0
13480	0	0
13496	0	0
13512	0	0
13528	0	0
13544	0	0
13560	0	0
13576	0	0
13592	0	0
13608	0	0
13624	0	0
13640	0	0
13656	0	0
13672	0	0
13688	0	0
13704	0	0
13720	0	0
13736	0	0
13752	0	0
13768	0	0
13784	0	0
13800	0	0
13816	0	0
13832	0	0
13848	0	0
13864	0	0
13880	0	0
13896	0	0
13912	0	0
13928	0	0
13944	0	0
13960	0	0
13976	0	0
13992	0	0
14008	0	0
14024	0	0
14040	0	0
14056	0	0
14072	0	0
14088	0	0
14104	0	0
14120	0	0
14136	0	0
14152	0	0
14168	0	0
14184	0	0
14200	0	0
14216	0	0
14232	0	0
14248	0	0
14264	0	0
14280	0	0
14296	0	0
14312	0	0
14328	0	0
14344	0	0
14360	0	0
14376	0	0
14392	0	0
14408	0	0
14424	0	0
14440	0	0
14456	0	0
14472	0	0
14488	0	0
14504	0	0
14520	0	0
14536	0	0
14552	0	0
14568	0	0
14584	0	0
14600	0	0
14616	0	0
14632	0	0
14648	0	0
14664	0	0
14680	0	0
14696	0	0
14712	0	0
14728	0	0
14744	0	0
14760	0	0
14776	0	0
14792	0	0
14808	0	0
14824	0	0
14840	0	0
14856	0	0
14872	0	0
14888	0	0
14904	0	0
14920	0	0
14936	0	0
14952	0	0
14968	0	0
14984	0	0
15000	0	0
15016	0	0
15032	0	0
15048	0	0
15064	0	0
15080	0	0
15096	0	0
15112	0	0
15128	0	0
15144	0	0
15160	0	0
15176	0	0
15192	0	0
15208	0	0
15224	0	0
15240	0	0
15256	0	0
15272	0	0
15288	0	0
15304	0	0
15320	0	0
15336	0	0
15352	0	0
15368	0	0
15384	0	0
15400	0	0
15416	0	0
15432	0	0
15448	0	0
15464	0	0
15480	0	0
15496	0	0
15512	0	0
15528	0	0
15544	0	0
15560	0	0
15576	0	0
15592	0	0
15608	0	0
15624	0	0
15640	0	0
15656	0	0
15672	0	0
15688	0	0
15704	0	0
15720	0	0
15736	0	0
15752	0	0
15768	0	0
15784	0	0
15800	0	0
15816	0	0
15832	0	0
15848	0	0
15864	0	0
15880	0	0
15896	0	0
15912	0	0
15928	0	0
15944	0	0
15960	0	0
15976	0	0
15992	0	0
16008	0	0
16024	0	0
16040	0	0
16056	0	0
16072	0	0
16088	0	0
16104	0	0
16120	0	0
16136	0	0
16152	0	0
16168	0	0
16184	0	0
16200	0	0
16216	0	0
16232	0	0
16248	0	0
16264	0	0
16280	0	0
16296	0	0
16312	0	0
16328	0	0
16344	0	0
16360	0	0
16376	0	0
16392	0	0
*************
Value   Bases with that value   Bases with that lookback
0	2038	0	
1	0	0	
2	12	0	
3	0	0	
4	0	0	
5	363	0	
6	0	0	
7	10	0	
8	6	0	
9	32	0	
10	199	1	
11	37	0	
12	20	0	
13	0	0	
14	37	0	
15	173	0	
16	0	0	
17	78	0	
18	0	0	
19	11	1	
20	121	11	
21	43	3	
22	32	0	
23	37	0	
24	60	0	
25	79	0	
26	22	0	
27	53	0	
28	22	1	
29	49	10	
30	70	21	
31	10	16	
32	45	3	
33	17	1	
34	24	0	
35	33	0	
36	12	0	
37	57	1	
38	12	5	
39	52	13	
40	69	20	
41	0	21	
42	23	14	
43	34	5	
44	60	0	
45	9	0	
46	32	0	
47	11	3	
48	21	7	
49	4	13	
50	0	18	
51	66	19	
52	83	16	
53	52	9	
54	0	3	
55	54	1	
56	45	1	
57	30	3	
58	43	6	
59	58	8	
60	44	14	
61	0	16	
62	23	19	
63	0	12	
64	2	6	
65	1	4	
66	0	0	
67	71	1	
68	114	5	
69	21	9	
70	1	11	
71	0	12	
72	21	14	
73	83	10	
74	40	9	
75	30	6	
76	86	3	
77	0	3	
78	96	3	
79	1	5	
80	0	7	
81	87	10	
82	2	12	
83	0	13	
84	51	13	
85	0	6	
86	31	3	
87	11	1	
88	10	3	
89	62	3	
90	0	5	
91	46	11	
92	20	11	
93	30	10	
94	215	7	
95	97	8	
96	0	4	
97	41	2	
98	1	2	
99	0	2	
100	118	4	
101	1	6	
102	24	7	
103	99	12	
104	0	9	
105	0	7	
106	165	3	
107	0	4	
108	0	2	
109	0	3	
110	0	4	
111	10	7	
112	1	6	
113	0	8	
114	62	9	
115	231	6	
116	0	4	
117	1	1	
118	0	1	
119	0	3	
120	9	4	
121	0	5	
122	0	5	
123	0	8	
124	0	4	
125	10	3	
126	11	2	
127	0	3	
128	10	2	
129	73	1	
130	0	3	
131	104	3	
132	0	4	
133	1	5	
134	0	4	
135	0	3	
136	111	1	
137	0	1	
138	0	2	
139	0	2	
140	0	1	
141	145	1	
142	1	3	
143	0	2	
144	0	3	
145	0	3	
146	0	1	
147	13	1	
148	0	1	
149	0	1	
150	10	2	
151	1	2	
152	0	3	
153	213	3	
154	0	2	
155	22	2	
156	0	2	
157	0	1	
158	0	1	
159	1	2	
160	103	1	
161	0	2	
162	0	2	
163	0	2	
164	0	0	
165	0	0	
166	0	1	
167	116	2	
168	0	1	
169	0	1	
170	0	2	
171	0	2	
172	0	2	
173	0	2	
174	0	1	
175	0	1	
176	0	2	
177	0	1	
178	0	1	
179	1	2	
180	0	2	
181	1	3	
182	0	1	
183	0	2	
184	0	1	
185	0	1	
186	0	1	
187	0	1	
188	0	1	
189	0	2	
190	0	2	
191	0	1	
192	0	1	
193	18	0	
194	0	0	
195	10	0	
196	1	1	
197	0	1	
198	187	2	
199	0	2	
200	0	2	
201	0	2	
202	0	1	
203	0	0	
204	9	1	
205	1	0	
206	0	0	
207	9	1	
208	164	1	
209	0	1	
210	0	1	
211	0	1	
212	0	1	
213	0	1	
214	0	1	
215	0	1	
216	0	1	
217	0	1	
218	0	1	
219	0	1	
220	0	2	
221	0	2	
222	0	1	
223	0	0	
224	0	0	
225	0	0	
226	0	0	
227	0	1	
228	0	1	
229	0	1	
230	0	2	
231	0	2	
232	0	1	
233	0	0	
234	0	0	
235	0	0	
236	0	0	
237	0	1	
238	0	1	
239	0	1	
240	0	1	
241	0	1	
242	0	1	
243	0	0	
244	0	0	
245	0	0	
246	0	0	
247	0	0	
248	0	0	
249	0	1	
250	0	1	
251	0	1	
252	0	1	
253	0	0	
254	0	0	
255	0	0	
256	0	0	
257	0	0	
258	0	0	
259	0	1	
260	0	1	
261	0	1	
262	0	1	
263	0	0	
264	0	0	
265	0	0	
266	0	0	
267	0	0	
268	0	0	
269	0	1	
270	0	1	
271	0	1	
272	0	1	
273	0	0	
274	0	0	
275	0	0	
276	0	0	
277	0	0	
278	0	1	
279	0	1	
280	0	1	
281	0	1	
282	0	1	
283	0	0	
284	0	0	
285	0	0	
286	0	0	
287	0	0	
288	0	1	
289	0	1	
290	0	1	
291	0	1	
292	0	1	
293	0	0	
294	0	0	
295	0	0	
296	0	0	
297	0	0	
298	0	0	
299	0	0	
300	0	1	
301	0	1	
302	0	1	
303	0	0	
304	0	0	
305	0	0	
306	0	0	
307	0	0	
308	0	0	
309	0	0	
310	243	0	
311	0	0	
312	0	0	
313	0	1	
314	0	0	
315	0	0	
316	0	0	
317	0	0	
318	0	0	
319	0	0	
320	0	0	
321	0	0	
322	0	0	
323	0	1	
324	0	0	
325	0	0	
326	0	0	
327	0	0	
328	0	0	
329	0	0	
330	0	0	
331	0	0	
332	0	0	
333	0	0	
334	0	0	
335	0	0	
336	0	0	
337	0	0	
338	0	0	
339	0	0	
340	0	0	
341	0	0	
342	0	0	
343	10	0	
344	0	0	
345	0	0	
346	11	0	
347	0	0	
348	0	0	
349	0	0	
350	1	0	
351	0	0	
352	0	0	
353	0	0	
354	0	0	
355	0	0	
356	0	0	
357	0	0	
358	0	0	
359	0	0	
360	0	0	
361	0	0	
362	0	0	
363	0	0	
364	0	0	
365	0	0	
366	0	0	
367	0	0	
368	302	0	
369	0	0	
370	0	0	
371	0	0	
372	0	0	
373	0	0	
374	0	0	
375	0	0	
376	0	0	
377	0	0	
378	0	0	
379	0	0	
380	0	0	
381	0	0	
382	0	0	
383	0	0	
384	0	0	
385	0	0	
386	0	0	
387	0	0	
388	0	0	
389	0	0	
390	0	0	
391	0	0	
392	0	0	
393	0	0	
394	0	0	
395	0	0	
396	0	0	
397	0	0	
398	0	0	
399	0	0	
400	0	0	
401	0	0	
402	0	0	
403	0	0	
404	0	0	
405	0	0	
406	0	0	
407	0	0	
408	0	0	
409	0	0	
410	0	0	
411	0	0	
412	0	0	
413	0	0	
414	0	0	
415	0	0	
416	0	0	
417	0	0	
418	0	0	
419	0	0	
420	0	0	
421	0	0	
422	0	0	
423	0	0	
424	0	0	
425	0	0	
426	0	0	
427	0	0	
428	0	0	
429	0	0	
430	0	0	
431	0	0	
432	0	0	
433	0	0	
434	0	0	
435	0	0	
436	0	0	
437	0	0	
438	0	0	
439	0	0	
440	0	0	
441	0	0	
442	0	0	
443	0	0	
444	0	0	
445	0	0	
446	0	0	
447	0	0	
448	0	0	
449	0	0	
450	0	0	
451	0	0	
452	0	0	
453	0	0	
454	0	0	
455	0	0	
456	0	0	
457	0	0	
458	0	0	
459	0	0	
460	0	0	
461	0	0	
462	0	0	
463	0	0	
464	0	0	
465	0	0	
466	0	0	
467	0	0	
468	0	0	
469	0	0	
470	0	0	
471	0	0	
472	0	0	
473	0	0	
474	0	0	
475	0	0	
476	0	0	
477	0	0	
478	0	0	
479	0	0	
480	0	0	
481	0	0	
482	0	0	
483	0	0	
484	0	0	
485	0	0	
486	0	0	
487	0	0	
488	0	0	
489	0	0	
490	0	0	
491	0	0	
492	0	0	
493	0	0	
494	0	0	
495	0	0	
496	0	0	
497	0	0	
498	0	0	
499	0	0	
500	0	0	
501	0	0	
502	0	0	
503	0	0	
504	0	0	
505	0	0	
506	0	0	
507	0	0	
508	0	0	
509	0	0	
510	0	0	
511	0	0	
512	0	0	
513	0	0	
514	0	0	
515	0	0	
516	0	0	
517	0	0	
518	0	0	
519	0	0	
520	0	0	
521	0	0	
522	0	0	
523	0	0	
524	0	0	
525	0	0	
526	0	0	
527	0	0	
528	0	0	
529	0	0	
530	0	0	
531	0	0	
532	0	0	
533	0	0	
534	0	0	
535	0	0	
536	0	0	
537	0	0	
538	0	0	
539	0	0	
540	0	0	
541	0	0	
542	0	0	
543	0	0	
544	0	0	
545	0	0	
546	0	0	
547	0	0	
548	0	0	
549	0	0	
550	0	0	
551	0	0	
552	0	0	
553	0	0	
554	0	0	
555	0	0	
556	0	0	
557	0	0	
558	0	0	
559	0	0	
560	0	0	
561	0	0	
562	0	0	
563	0	0	
564	0	0	
565	0	0	
566	0	0	
567	0	0	
568	0	0	
569	0	0	
570	0	0	
571	0	0	
572	0	0	
573	0	0	
574	0	0	
575	0	0	
576	0	0	
577	0	0	
578	0	0	
579	0	0	
580	0	0	
581	0	0	
582	0	0	
583	0	0	
584	0	0	
585	0	0	
586	0	0	
587	0	0	
588	0	0	
589	0	0	
590	0	0	
591	0	0	
592	0	0	
593	0	0	
594	0	0	
595	0	0	
596	0	0	
597	0	0	
598	0	0	
599	0	0	
600	0	0	
601	0	0	
602	0	0	
603	0	0	
604	0	0	
605	0	0	
606	0	0	
607	0	0	
608	0	0	
609	0	0	
610	0	0	
611	0	0	
612	0	0	
613	0	0	
614	0	0	
615	0	0	
616	0	0	
617	0	0	
618	0	0	
619	0	0	
620	0	0	
621	0	0	
622	0	0	
623	0	0	
624	0	0	
625	0	0	
626	0	0	
627	0	0	
628	0	0	
629	0	0	
630	0	0	
631	0	0	
632	0	0	
633	0	0	
634	0	0	
635	0	0	
636	0	0	
637	0	0	
638	0	0	
639	0	0	
640	0	0	
641	0	0	
642	0	0	
643	0	0	
644	0	0	
645	0	0	
646	0	0	
647	0	0	
648	0	0	
649	0	0	
650	0	0	
651	0	0	
652	0	0	
653	0	0	
654	0	0	
655	0	0	
656	0	0	
657	0	0	
658	0	0	
659	0	0	
660	0	0	
661	0	0	
662	0	0	
663	0	0	
664	0	0	
665	0	0	
666	0	0	
667	0	0	
668	0	0	
669	0	0	
670	0	0	
671	0	0	
672	0	0	
673	0	0	
674	0	0	
675	0	0	
676	0	0	
677	0	0	
678	0	0	
679	0	0	
680	0	0	
681	0	0	
682	0	0	
683	0	0	
684	0	0	
685	0	0	
686	0	0	
687	0	0	
688	0	0	
689	0	0	
690	0	0	
691	0	0	
692	0	0	
693	0	0	
694	0	0	
695	0	0	
696	0	0	
697	0	0	
698	0	0	
699	0	0	
700	0	0	
701	0	0	
702	0	0	
703	0	0	
704	0	0	
705	0	0	
706	0	0	
707	0	0	
708	0	0	
709	0	0	
710	0	0	
711	0	0	
712	0	0	
713	0	0	
714	0	0	
715	0	0	
716	0	0	
717	0	0	
718	0	0	
719	0	0	
720	0	0	
721	0	0	
722	0	0	
723	0	0	
724	0	0	
725	0	0	
726	0	0	
727	0	0	
728	0	0	
729	0	0	
730	0	0	
731	0	0	
732	0	0	
733	0	0	
734	0	0	
735	0	0	
736	0	0	
737	0	0	
738	0	0	
739	0	0	
740	0	0	
741	0	0	
742	0	0	
743	0	0	
744	0	0	
745	0	0	
746	0	0	
747	0	0	
748	0	0	
749	0	0	
750	0	0	
751	0	0	
752	0	0	
753	0	0	
754	0	0	
755	0	0	
756	0	0	
757	0	0	
758	0	0	
759	0	0	
760	0	0	
761	0	0	
762	0	0	
763	0	0	
764	0	0	
765	0	0	
766	0	0	
767	0	0	
768	0	0	
769	0	0	
770	0	0	
771	0	0	
772	0	0	
773	0	0	
774	0	0	
775	0	0	
776	0	0	
777	0	0	
778	0	0	
779	0	0	
780	0	0	
781	0	0	
782	0	0	
783	0	0	
784	0	0	
785	0	0	
786	0	0	
787	0	0	
788	0	0	
789	0	0	
790	0	0	
791	0	0	
792	0	0	
793	0	0	
794	0	0	
795	0	0	
796	0	0	
797	0	0	
798	0	0	
799	0	0	
800	0	0	
801	0	0	
802	0	0	
803	0	0	
804	0	0	
805	0	0	
806	0	0	
807	0	0	
808	0	0	
809	0	0	
810	0	0	
811	0	0	
812	0	0	
813	0	0	
814	0	0	
815	0	0	
816	0	0	
817	0	0	
818	0	0	
819	0	0	
820	0	0	
821	0	0	
822	0	0	
823	0	0	
824	0	0	
825	0	0	
826	0	0	
827	0	0	
828	0	0	
829	0	0	
830	0	0	
831	0	0	
832	0	0	
833	0	0	
834	0	0	
835	0	0	
836	0	0	
837	0	0	
838	0	0	
839	0	0	
840	0	0	
841	0	0	
842	0	0	
843	0	0	
844	0	0	
845	0	0	
846	0	0	
847	0	0	
848	0	0	
849	0	0	
850	0	0	
851	0	0	
852	0	0	
853	0	0	
854	0	0	
855	0	0	
856	0	0	
857	0	0	
858	0	0	
859	0	0	
860	0	0	
861	0	0	
862	0	0	
863	0	0	
864	0	0	
865	0	0	
866	0	0	
867	0	0	
868	0	0	
869	0	0	
870	0	0	
871	0	0	
872	0	0	
873	0	0	
874	0	0	
875	0	0	
876	0	0	
877	0	0	
878	0	0	
879	0	0	
880	0	0	
881	0	0	
882	0	0	
883	0	0	
884	0	0	
885	0	0	
886	0	0	
887	0	0	
888	0	0	
889	0	0	
890	0	0	
891	0	0	
892	0	0	
893	0	0	
894	0	0	
895	0	0	
896	0	0	
897	0	0	
898	0	0	
899	0	0	
900	0	0	
901	0	0	
902	0	0	
903	0	0	
904	0	0	
905	0	0	
906	0	0	
907	0	0	
908	0	0	
909	0	0	
910	0	0	
911	0	0	
912	0	0	
913	0	0	
914	0	0	
915	0	0	
916	0	0	
917	0	0	
918	0	0	
919	0	0	
920	0	0	
921	0	0	
922	0	0	
923	0	0	
924	0	0	
925	0	0	
926	0	0	
927	0	0	
928	0	0	
929	0	0	
930	0	0	
931	0	0	
932	0	0	
933	0	0	
934	0	0	
935	0	0	
936	0	0	
937	0	0	
938	0	0	
939	0	0	
940	0	0	
941	0	0	
942	0	0	
943	0	0	
944	0	0	
945	0	0	
946	0	0	
947	0	0	
948	0	0	
949	0	0	
950	0	0	
951	0	0	
952	0	0	
953	0	0	
954	0	0	
955	0	0	
956	0	0	
957	0	0	
958	0	0	
959	0	0	
960	0	0	
961	0	0	
962	0	0	
963	0	0	
964	0	0	
965	0	0	
966	0	0	
967	0	0	
968	0	0	
969	0	0	
970	0	0	
971	0	0	
972	0	0	
973	0	0	
974	0	0	
975	0	0	
976	0	0	
977	0	0	
978	0	0	
979	0	0	
980	0	0	
981	0	0	
982	0	0	
983	0	0	
984	0	0	
985	0	0	
986	0	0	
987	0	0	
988	0	0	
989	0	0	
990	0	0	
991	0	0	
992	0	0	
993	0	0	
994	0	0	
995	0	0	
996	0	0	
997	0	0	
998	0	0	
999	0	0	
1000	0	0	
1001	0	0	
1002	0	0	
1003	0	0	
1004	0	0	
1005	0	0	
1006	0	0	
1007	0	0	
1008	0	0	
1009	0	0	
1010	0	0	
1011	0	0	
1012	0	0	
1013	0	0	
1014	0	0	
1015	0	0	
1016	0	0	
1017	0	0	
1018	0	0	
1019	0	0	
1020	0	0	
1021	0	0	
1022	0	0	
1023	0	0	
1024	0	0	
*************
Base composition in phased (lines 1-14) and unphased (line15) regions:  Phasing ...  G ... A ... T ... C ... N
0	20	184	196	32	0		
1	12	196	164	13	0		
2	10	211	148	11	0		
3	31	199	135	15	0		
4	57	177	112	34	0		
5	78	131	91	78	0		
6	78	113	101	86	0		
7	90	100	100	86	0		
8	55	109	129	80	0		
9	34	104	157	56	0		
10	7	34	53	10	0		
11	0	6	5	0	0		
12	0	0	0	0	0		
13	0	0	0	0	0		
14	737	1543	1501	823	0		
*************
Dinucleotide composition in phased (lines 1-14) and unphased (line15) regions:  Phasing . GG . GA . GT . GC . AG . AA . AT . AC . TG . TA . TT . TC . CG . CA . CT . CC . Total
0	3	4	4	2	8	165	40	8	7	10	146	17	2	5	6	5	432		
1	1	4	6	0	4	171	35	3	6	19	116	9	1	2	7	1	385		
2	2	23	6	0	2	159	34	4	5	23	103	4	1	6	5	3	380		
3	5	39	13	0	11	115	46	5	11	29	65	7	4	16	11	3	380		
4	10	42	18	8	22	59	40	10	16	35	35	7	9	41	19	9	380		
5	13	32	15	18	23	38	32	20	25	31	23	22	17	30	21	18	378		
6	16	31	17	26	16	33	29	23	29	21	32	19	17	28	23	18	378		
7	11	13	19	13	28	30	30	21	36	25	31	38	15	32	20	14	376		
8	6	12	11	5	14	40	43	18	25	38	63	40	10	19	12	17	373		
9	1	3	11	4	6	73	43	16	27	19	97	28	0	9	6	8	351		
10	0	1	1	0	3	28	14	1	4	3	34	8	0	2	4	1	104		
11	0	0	0	0	0	6	0	0	0	0	4	0	0	0	1	0	11		
12	0	0	0	0	0	0	0	0	0	0	0	0	0	0	0	0	0		
13	0	0	0	0	0	0	0	0	0	0	0	0	0	0	0	0	0		
14	137	266	215	123	196	726	425	191	254	285	645	316	150	266	216	193	4604		
*************
Five Base Sequence   Frequency On Face of Helix   Frequency on rear of Helix
0	GGGGG	0	0
1	GGGGA	0	0
2	GGGGT	0	0
3	GGGGC	0	0
4	GGGAG	0	0
5	GGGAA	0	0
6	GGGAT	0	0
7	GGGAC	0	0
8	GGGTG	0	0
9	GGGTA	0	0
10	GGGTT	0	0
11	GGGTC	0	0
12	GGGCG	0	0
13	GGGCA	0	0
14	GGGCT	0	0
15	GGGCC	0	0
16	GGAGG	0	0
17	GGAGA	0	0
18	GGAGT	0	0
19	GGAGC	0	0
20	GGAAG	0	0
21	GGAAA	3	0
22	GGAAT	0	1
23	GGAAC	0	0
24	GGATG	0	1
25	GGATA	0	0
26	GGATT	1	0
27	GGATC	0	0
28	GGACG	0	0
29	GGACA	0	0
30	GGACT	0	0
31	GGACC	0	1
32	GGTGG	0	0
33	GGTGA	0	0
34	GGTGT	0	0
35	GGTGC	0	0
36	GGTAG	0	0
37	GGTAA	0	0
38	GGTAT	0	0
39	GGTAC	0	1
40	GGTTG	0	0
41	GGTTA	0	0
42	GGTTT	1	0
43	GGTTC	0	0
44	GGTCG	0	0
45	GGTCA	0	0
46	GGTCT	0	0
47	GGTCC	0	0
48	GGCGG	0	0
49	GGCGA	0	0
50	GGCGT	0	0
51	GGCGC	0	0
52	GGCAG	0	0
53	GGCAA	0	0
54	GGCAT	0	0
55	GGCAC	0	0
56	GGCTG	0	0
57	GGCTA	0	0
58	GGCTT	0	0
59	GGCTC	0	1
60	GGCCG	0	0
61	GGCCA	0	0
62	GGCCT	0	1
63	GGCCC	0	0
64	GAGGG	0	0
65	GAGGA	0	1
66	GAGGT	0	0
67	GAGGC	0	0
68	GAGAG	0	0
69	GAGAA	0	1
70	GAGAT	0	0
71	GAGAC	0	0
72	GAGTG	0	0
73	GAGTA	0	0
74	GAGTT	0	0
75	GAGTC	0	0
76	GAGCG	0	0
77	GAGCA	0	1
78	GAGCT	0	1
79	GAGCC	0	1
80	GAAGG	0	0
81	GAAGA	0	0
82	GAAGT	0	1
83	GAAGC	0	0
84	GAAAG	3	0
85	GAAAA	22	0
86	GAAAT	4	0
87	GAAAC	2	0
88	GAATG	0	1
89	GAATA	1	0
90	GAATT	2	0
91	GAATC	1	1
92	GAACG	0	0
93	GAACA	0	0
94	GAACT	1	0
95	GAACC	0	0
96	GATGG	0	0
97	GATGA	0	0
98	GATGT	0	0
99	GATGC	0	1
100	GATAG	0	0
101	GATAA	1	0
102	GATAT	0	0
103	GATAC	0	0
104	GATTG	0	1
105	GATTA	0	1
106	GATTT	4	0
107	GATTC	0	0
108	GATCG	0	0
109	GATCA	0	0
110	GATCT	0	0
111	GATCC	0	0
112	GACGG	0	0
113	GACGA	0	0
114	GACGT	0	0
115	GACGC	0	0
116	GACAG	0	0
117	GACAA	0	0
118	GACAT	0	0
119	GACAC	0	0
120	GACTG	0	0
121	GACTA	0	0
122	GACTT	0	0
123	GACTC	0	1
124	GACCG	0	0
125	GACCA	0	0
126	GACCT	0	0
127	GACCC	0	0
128	GTGGG	0	0
129	GTGGA	0	0
130	GTGGT	0	0
131	GTGGC	0	0
132	GTGAG	0	0
133	GTGAA	1	0
134	GTGAT	0	0
135	GTGAC	0	0
136	GTGTG	0	0
137	GTGTA	0	0
138	GTGTT	0	0
139	GTGTC	0	0
140	GTGCG	0	0
141	GTGCA	0	0
142	GTGCT	0	0
143	GTGCC	0	0
144	GTAGG	0	0
145	GTAGA	0	1
146	GTAGT	0	1
147	GTAGC	0	0
148	GTAAG	0	0
149	GTAAA	1	1
150	GTAAT	1	0
151	GTAAC	0	0
152	GTATG	0	0
153	GTATA	0	0
154	GTATT	0	0
155	GTATC	0	0
156	GTACG	0	0
157	GTACA	0	0
158	GTACT	0	0
159	GTACC	0	0
160	GTTGG	0	0
161	GTTGA	0	3
162	GTTGT	0	0
163	GTTGC	0	0
164	GTTAG	0	0
165	GTTAA	0	0
166	GTTAT	0	0
167	GTTAC	0	0
168	GTTTG	1	1
169	GTTTA	0	0
170	GTTTT	6	0
171	GTTTC	2	1
172	GTTCG	0	0
173	GTTCA	0	0
174	GTTCT	0	0
175	GTTCC	1	0
176	GTCGG	0	0
177	GTCGA	0	1
178	GTCGT	0	0
179	GTCGC	0	0
180	GTCAG	0	0
181	GTCAA	0	0
182	GTCAT	0	2
183	GTCAC	0	0
184	GTCTG	0	0
185	GTCTA	0	0
186	GTCTT	0	0
187	GTCTC	0	0
188	GTCCG	0	0
189	GTCCA	0	0
190	GTCCT	0	0
191	GTCCC	0	0
192	GCGGG	0	0
193	GCGGA	0	0
194	GCGGT	0	0
195	GCGGC	0	0
196	GCGAG	0	0
197	GCGAA	0	0
198	GCGAT	0	0
199	GCGAC	0	0
200	GCGTG	0	0
201	GCGTA	0	0
202	GCGTT	0	0
203	GCGTC	0	0
204	GCGCG	0	0
205	GCGCA	0	0
206	GCGCT	0	0
207	GCGCC	0	1
208	GCAGG	0	0
209	GCAGA	0	0
210	GCAGT	0	0
211	GCAGC	0	0
212	GCAAG	0	0
213	GCAAA	0	0
214	GCAAT	0	1
215	GCAAC	0	0
216	GCATG	0	0
217	GCATA	0	0
218	GCATT	0	0
219	GCATC	0	0
220	GCACG	0	0
221	GCACA	0	0
222	GCACT	0	0
223	GCACC	0	1
224	GCTGG	0	0
225	GCTGA	0	0
226	GCTGT	0	0
227	GCTGC	0	0
228	GCTAG	0	0
229	GCTAA	0	0
230	GCTAT	0	0
231	GCTAC	0	0
232	GCTTG	0	0
233	GCTTA	0	0
234	GCTTT	0	0
235	GCTTC	0	0
236	GCTCG	0	0
237	GCTCA	0	0
238	GCTCT	0	0
239	GCTCC	0	0
240	GCCGG	0	0
241	GCCGA	0	0
242	GCCGT	0	0
243	GCCGC	0	0
244	GCCAG	0	0
245	GCCAA	0	1
246	GCCAT	0	0
247	GCCAC	0	0
248	GCCTG	0	0
249	GCCTA	0	0
250	GCCTT	0	0
251	GCCTC	0	1
252	GCCCG	0	0
253	GCCCA	0	0
254	GCCCT	0	0
255	GCCCC	0	0
256	AGGGG	0	0
257	AGGGA	0	0
258	AGGGT	0	0
259	AGGGC	0	0
260	AGGAG	0	0
261	AGGAA	0	1
262	AGGAT	0	1
263	AGGAC	0	0
264	AGGTG	0	0
265	AGGTA	0	0
266	AGGTT	1	0
267	AGGTC	0	0
268	AGGCG	0	0
269	AGGCA	0	1
270	AGGCT	0	0
271	AGGCC	0	0
272	AGAGG	0	0
273	AGAGA	0	0
274	AGAGT	0	0
275	AGAGC	0	0
276	AGAAG	0	0
277	AGAAA	5	1
278	AGAAT	1	0
279	AGAAC	0	0
280	AGATG	0	0
281	AGATA	0	0
282	AGATT	0	0
283	AGATC	0	0
284	AGACG	0	0
285	AGACA	0	0
286	AGACT	0	0
287	AGACC	0	1
288	AGTGG	0	0
289	AGTGA	0	1
290	AGTGT	0	0
291	AGTGC	0	1
292	AGTAG	0	0
293	AGTAA	0	0
294	AGTAT	0	0
295	AGTAC	0	1
296	AGTTG	0	1
297	AGTTA	0	0
298	AGTTT	3	0
299	AGTTC	0	2
300	AGTCG	0	0
301	AGTCA	1	1
302	AGTCT	0	0
303	AGTCC	0	0
304	AGCGG	0	0
305	AGCGA	0	1
306	AGCGT	0	0
307	AGCGC	0	0
308	AGCAG	0	0
309	AGCAA	0	0
310	AGCAT	0	0
311	AGCAC	0	0
312	AGCTG	0	0
313	AGCTA	0	0
314	AGCTT	0	0
315	AGCTC	0	0
316	AGCCG	0	1
317	AGCCA	0	0
318	AGCCT	0	0
319	AGCCC	0	0
320	AAGGG	0	1
321	AAGGA	0	0
322	AAGGT	0	1
323	AAGGC	0	0
324	AAGAG	0	0
325	AAGAA	1	0
326	AAGAT	0	0
327	AAGAC	0	0
328	AAGTG	0	0
329	AAGTA	0	2
330	AAGTT	1	0
331	AAGTC	0	0
332	AAGCG	0	2
333	AAGCA	0	1
334	AAGCT	0	0
335	AAGCC	0	0
336	AAAGG	1	0
337	AAAGA	2	0
338	AAAGT	1	0
339	AAAGC	0	0
340	AAAAG	2	1
341	AAAAA	56	3
342	AAAAT	21	2
343	AAAAC	3	0
344	AAATG	2	1
345	AAATA	1	2
346	AAATT	16	1
347	AAATC	1	0
348	AAACG	0	1
349	AAACA	1	3
350	AAACT	0	0
351	AAACC	0	0
352	AATGG	0	0
353	AATGA	0	0
354	AATGT	0	1
355	AATGC	1	1
356	AATAG	0	0
357	AATAA	3	0
358	AATAT	1	0
359	AATAC	1	0
360	AATTG	0	1
361	AATTA	2	2
362	AATTT	17	3
363	AATTC	2	2
364	AATCG	0	0
365	AATCA	1	1
366	AATCT	0	1
367	AATCC	0	0
368	AACGG	0	0
369	AACGA	0	0
370	AACGT	0	0
371	AACGC	0	0
372	AACAG	0	0
373	AACAA	0	1
374	AACAT	0	1
375	AACAC	0	1
376	AACTG	0	1
377	AACTA	0	0
378	AACTT	3	0
379	AACTC	0	1
380	AACCG	0	2
381	AACCA	0	0
382	AACCT	0	0
383	AACCC	0	0
384	ATGGG	1	1
385	ATGGA	0	1
386	ATGGT	0	0
387	ATGGC	0	1
388	ATGAG	0	1
389	ATGAA	0	3
390	ATGAT	0	0
391	ATGAC	0	0
392	ATGTG	0	0
393	ATGTA	0	1
394	ATGTT	1	1
395	ATGTC	0	0
396	ATGCG	0	0
397	ATGCA	0	2
398	ATGCT	0	2
399	ATGCC	0	0
400	ATAGG	0	0
401	ATAGA	0	0
402	ATAGT	0	0
403	ATAGC	0	0
404	ATAAG	0	0
405	ATAAA	4	1
406	ATAAT	1	1
407	ATAAC	0	2
408	ATATG	0	1
409	ATATA	0	1
410	ATATT	2	1
411	ATATC	0	0
412	ATACG	0	2
413	ATACA	1	0
414	ATACT	0	0
415	ATACC	0	0
416	ATTGG	0	1
417	ATTGA	1	2
418	ATTGT	0	1
419	ATTGC	0	1
420	ATTAG	0	1
421	ATTAA	4	0
422	ATTAT	0	0
423	ATTAC	0	0
424	ATTTG	0	0
425	ATTTA	1	4
426	ATTTT	33	0
427	ATTTC	2	1
428	ATTCG	0	0
429	ATTCA	0	1
430	ATTCT	0	2
431	ATTCC	0	1
432	ATCGG	0	0
433	ATCGA	0	2
434	ATCGT	0	1
435	ATCGC	0	1
436	ATCAG	0	0
437	ATCAA	1	0
438	ATCAT	0	1
439	ATCAC	0	0
440	ATCTG	0	0
441	ATCTA	0	1
442	ATCTT	0	0
443	ATCTC	1	0
444	ATCCG	0	1
445	ATCCA	0	0
446	ATCCT	0	0
447	ATCCC	0	0
448	ACGGG	0	1
449	ACGGA	0	0
450	ACGGT	0	0
451	ACGGC	0	0
452	ACGAG	0	0
453	ACGAA	0	1
454	ACGAT	0	0
455	ACGAC	0	0
456	ACGTG	0	0
457	ACGTA	0	0
458	ACGTT	0	0
459	ACGTC	0	0
460	ACGCG	0	0
461	ACGCA	0	0
462	ACGCT	0	0
463	ACGCC	0	0
464	ACAGG	0	0
465	ACAGA	0	0
466	ACAGT	0	0
467	ACAGC	0	1
468	ACAAG	0	0
469	ACAAA	0	1
470	ACAAT	0	1
471	ACAAC	0	0
472	ACATG	0	0
473	ACATA	0	0
474	ACATT	0	2
475	ACATC	0	0
476	ACACG	0	0
477	ACACA	0	0
478	ACACT	0	0
479	ACACC	0	0
480	ACTGG	0	0
481	ACTGA	0	0
482	ACTGT	0	0
483	ACTGC	0	0
484	ACTAG	0	0
485	ACTAA	1	0
486	ACTAT	0	1
487	ACTAC	1	1
488	ACTTG	0	0
489	ACTTA	0	1
490	ACTTT	0	0
491	ACTTC	1	1
492	ACTCG	0	0
493	ACTCA	0	1
494	ACTCT	0	1
495	ACTCC	0	0
496	ACCGG	0	0
497	ACCGA	0	1
498	ACCGT	0	0
499	ACCGC	0	0
500	ACCAG	0	1
501	ACCAA	0	0
502	ACCAT	0	0
503	ACCAC	0	1
504	ACCTG	0	0
505	ACCTA	0	0
506	ACCTT	2	0
507	ACCTC	0	0
508	ACCCG	0	0
509	ACCCA	0	0
510	ACCCT	0	1
511	ACCCC	0	1
512	TGGGG	0	0
513	TGGGA	0	0
514	TGGGT	0	1
515	TGGGC	0	0
516	TGGAG	0	1
517	TGGAA	0	1
518	TGGAT	0	0
519	TGGAC	0	1
520	TGGTG	0	0
521	TGGTA	0	0
522	TGGTT	0	2
523	TGGTC	0	0
524	TGGCG	0	1
525	TGGCA	0	0
526	TGGCT	0	0
527	TGGCC	0	0
528	TGAGG	0	1
529	TGAGA	0	1
530	TGAGT	0	0
531	TGAGC	0	1
532	TGAAG	0	0
533	TGAAA	5	0
534	TGAAT	3	0
535	TGAAC	0	0
536	TGATG	0	0
537	TGATA	0	0
538	TGATT	1	0
539	TGATC	0	0
540	TGACG	0	0
541	TGACA	0	0
542	TGACT	0	0
543	TGACC	1	0
544	TGTGG	0	0
545	TGTGA	0	0
546	TGTGT	0	1
547	TGTGC	0	1
548	TGTAG	0	1
549	TGTAA	0	2
550	TGTAT	0	1
551	TGTAC	0	0
552	TGTTG	0	2
553	TGTTA	1	0
554	TGTTT	0	2
555	TGTTC	0	0
556	TGTCG	0	0
557	TGTCA	0	0
558	TGTCT	0	0
559	TGTCC	0	0
560	TGCGG	0	1
561	TGCGA	0	0
562	TGCGT	0	1
563	TGCGC	0	0
564	TGCAG	0	0
565	TGCAA	0	0
566	TGCAT	0	0
567	TGCAC	0	0
568	TGCTG	0	0
569	TGCTA	0	0
570	TGCTT	0	0
571	TGCTC	0	0
572	TGCCG	0	1
573	TGCCA	0	2
574	TGCCT	0	0
575	TGCCC	0	0
576	TAGGG	0	0
577	TAGGA	0	0
578	TAGGT	0	0
579	TAGGC	0	0
580	TAGAG	0	2
581	TAGAA	0	0
582	TAGAT	0	0
583	TAGAC	0	0
584	TAGTG	0	0
585	TAGTA	0	1
586	TAGTT	0	1
587	TAGTC	0	1
588	TAGCG	0	1
589	TAGCA	0	0
590	TAGCT	0	1
591	TAGCC	0	2
592	TAAGG	0	0
593	TAAGA	1	0
594	TAAGT	0	0
595	TAAGC	0	0
596	TAAAG	2	1
597	TAAAA	18	1
598	TAAAT	1	2
599	TAAAC	0	1
600	TAATG	0	0
601	TAATA	1	1
602	TAATT	3	2
603	TAATC	0	1
604	TAACG	0	0
605	TAACA	0	1
606	TAACT	0	1
607	TAACC	0	0
608	TATGG	0	1
609	TATGA	0	3
610	TATGT	0	0
611	TATGC	0	0
612	TATAG	0	0
613	TATAA	0	0
614	TATAT	1	1
615	TATAC	0	0
616	TATTG	0	1
617	TATTA	0	2
618	TATTT	3	0
619	TATTC	0	0
620	TATCG	1	0
621	TATCA	0	2
622	TATCT	0	1
623	TATCC	0	1
624	TACGG	0	0
625	TACGA	0	0
626	TACGT	0	0
627	TACGC	0	1
628	TACAG	0	1
629	TACAA	1	2
630	TACAT	0	0
631	TACAC	0	1
632	TACTG	0	1
633	TACTA	0	0
634	TACTT	0	1
635	TACTC	0	0
636	TACCG	0	0
637	TACCA	0	0
638	TACCT	0	0
639	TACCC	0	0
640	TTGGG	0	1
641	TTGGA	0	0
642	TTGGT	0	0
643	TTGGC	0	1
644	TTGAG	0	2
645	TTGAA	1	7
646	TTGAT	0	2
647	TTGAC	0	1
648	TTGTG	1	2
649	TTGTA	0	3
650	TTGTT	3	0
651	TTGTC	0	1
652	TTGCG	0	0
653	TTGCA	0	1
654	TTGCT	0	1
655	TTGCC	0	0
656	TTAGG	0	0
657	TTAGA	0	2
658	TTAGT	0	0
659	TTAGC	0	0
660	TTAAG	1	1
661	TTAAA	6	0
662	TTAAT	2	0
663	TTAAC	0	0
664	TTATG	0	0
665	TTATA	0	1
666	TTATT	2	0
667	TTATC	0	0
668	TTACG	0	0
669	TTACA	0	2
670	TTACT	0	1
671	TTACC	0	1
672	TTTGG	1	0
673	TTTGA	0	2
674	TTTGT	2	0
675	TTTGC	0	1
676	TTTAG	0	0
677	TTTAA	6	1
678	TTTAT	0	0
679	TTTAC	0	0
680	TTTTG	2	0
681	TTTTA	1	1
682	TTTTT	34	0
683	TTTTC	5	0
684	TTTCG	1	2
685	TTTCA	1	1
686	TTTCT	3	0
687	TTTCC	2	0
688	TTCGG	0	2
689	TTCGA	0	1
690	TTCGT	0	0
691	TTCGC	0	2
692	TTCAG	0	4
693	TTCAA	0	2
694	TTCAT	0	0
695	TTCAC	0	2
696	TTCTG	0	2
697	TTCTA	1	2
698	TTCTT	0	1
699	TTCTC	1	2
700	TTCCG	0	0
701	TTCCA	0	4
702	TTCCT	1	0
703	TTCCC	0	1
704	TCGGG	0	1
705	TCGGA	0	0
706	TCGGT	0	1
707	TCGGC	0	0
708	TCGAG	0	2
709	TCGAA	1	0
710	TCGAT	0	1
711	TCGAC	0	1
712	TCGTG	0	0
713	TCGTA	0	0
714	TCGTT	0	0
715	TCGTC	0	0
716	TCGCG	0	1
717	TCGCA	0	0
718	TCGCT	0	1
719	TCGCC	0	2
720	TCAGG	0	0
721	TCAGA	0	1
722	TCAGT	0	0
723	TCAGC	0	1
724	TCAAG	0	1
725	TCAAA	4	2
726	TCAAT	0	2
727	TCAAC	1	1
728	TCATG	0	2
729	TCATA	0	2
730	TCATT	1	3
731	TCATC	0	0
732	TCACG	0	0
733	TCACA	0	0
734	TCACT	0	1
735	TCACC	0	2
736	TCTGG	0	0
737	TCTGA	0	2
738	TCTGT	0	1
739	TCTGC	0	0
740	TCTAG	0	1
741	TCTAA	1	1
742	TCTAT	0	1
743	TCTAC	0	1
744	TCTTG	0	0
745	TCTTA	0	0
746	TCTTT	0	0
747	TCTTC	0	1
748	TCTCG	0	0
749	TCTCA	0	0
750	TCTCT	0	0
751	TCTCC	0	0
752	TCCGG	0	0
753	TCCGA	0	0
754	TCCGT	0	0
755	TCCGC	0	0
756	TCCAG	0	1
757	TCCAA	0	1
758	TCCAT	0	1
759	TCCAC	0	1
760	TCCTG	0	0
761	TCCTA	0	0
762	TCCTT	0	0
763	TCCTC	0	0
764	TCCCG	0	0
765	TCCCA	0	1
766	TCCCT	0	0
767	TCCCC	0	0
768	CGGGG	0	0
769	CGGGA	0	0
770	CGGGT	0	0
771	CGGGC	0	0
772	CGGAG	0	0
773	CGGAA	0	0
774	CGGAT	0	0
775	CGGAC	0	0
776	CGGTG	0	0
777	CGGTA	0	0
778	CGGTT	1	0
779	CGGTC	0	0
780	CGGCG	0	0
781	CGGCA	0	0
782	CGGCT	0	1
783	CGGCC	0	0
784	CGAGG	0	0
785	CGAGA	0	0
786	CGAGT	0	0
787	CGAGC	0	0
788	CGAAG	0	0
789	CGAAA	1	1
790	CGAAT	2	1
791	CGAAC	0	0
792	CGATG	0	1
793	CGATA	0	0
794	CGATT	1	1
795	CGATC	0	0
796	CGACG	0	0
797	CGACA	0	0
798	CGACT	0	0
799	CGACC	0	1
800	CGTGG	0	0
801	CGTGA	0	0
802	CGTGT	0	0
803	CGTGC	0	0
804	CGTAG	0	0
805	CGTAA	0	1
806	CGTAT	0	0
807	CGTAC	0	0
808	CGTTG	0	0
809	CGTTA	0	0
810	CGTTT	0	0
811	CGTTC	0	0
812	CGTCG	0	0
813	CGTCA	0	0
814	CGTCT	0	0
815	CGTCC	0	0
816	CGCGG	0	1
817	CGCGA	0	0
818	CGCGT	0	0
819	CGCGC	0	0
820	CGCAG	0	0
821	CGCAA	0	0
822	CGCAT	0	0
823	CGCAC	0	0
824	CGCTG	0	1
825	CGCTA	0	0
826	CGCTT	0	0
827	CGCTC	0	2
828	CGCCG	0	0
829	CGCCA	0	0
830	CGCCT	0	0
831	CGCCC	0	0
832	CAGGG	0	0
833	CAGGA	0	1
834	CAGGT	0	2
835	CAGGC	0	0
836	CAGAG	0	0
837	CAGAA	0	0
838	CAGAT	0	0
839	CAGAC	0	0
840	CAGTG	0	0
841	CAGTA	0	2
842	CAGTT	0	0
843	CAGTC	0	0
844	CAGCG	0	0
845	CAGCA	0	0
846	CAGCT	0	1
847	CAGCC	0	1
848	CAAGG	0	0
849	CAAGA	0	0
850	CAAGT	0	0
851	CAAGC	0	1
852	CAAAG	0	0
853	CAAAA	12	0
854	CAAAT	1	2
855	CAAAC	0	0
856	CAATG	0	0
857	CAATA	0	0
858	CAATT	0	0
859	CAATC	1	0
860	CAACG	0	0
861	CAACA	0	0
862	CAACT	0	0
863	CAACC	1	0
864	CATGG	0	0
865	CATGA	0	0
866	CATGT	0	1
867	CATGC	0	0
868	CATAG	0	0
869	CATAA	0	0
870	CATAT	0	1
871	CATAC	0	0
872	CATTG	0	0
873	CATTA	1	1
874	CATTT	1	0
875	CATTC	0	0
876	CATCG	0	0
877	CATCA	0	0
878	CATCT	0	0
879	CATCC	0	0
880	CACGG	0	0
881	CACGA	0	1
882	CACGT	0	0
883	CACGC	0	0
884	CACAG	0	0
885	CACAA	0	0
886	CACAT	0	1
887	CACAC	0	0
888	CACTG	0	1
889	CACTA	0	0
890	CACTT	0	0
891	CACTC	0	1
892	CACCG	0	1
893	CACCA	0	0
894	CACCT	0	1
895	CACCC	0	0
896	CTGGG	0	0
897	CTGGA	0	1
898	CTGGT	0	0
899	CTGGC	0	0
900	CTGAG	0	0
901	CTGAA	0	0
902	CTGAT	0	0
903	CTGAC	0	0
904	CTGTG	0	0
905	CTGTA	0	0
906	CTGTT	0	0
907	CTGTC	0	0
908	CTGCG	0	0
909	CTGCA	0	0
910	CTGCT	0	0
911	CTGCC	0	0
912	CTAGG	0	1
913	CTAGA	0	0
914	CTAGT	0	0
915	CTAGC	0	0
916	CTAAG	0	0
917	CTAAA	3	0
918	CTAAT	1	0
919	CTAAC	0	0
920	CTATG	0	1
921	CTATA	0	0
922	CTATT	0	0
923	CTATC	0	0
924	CTACG	0	1
925	CTACA	0	2
926	CTACT	0	0
927	CTACC	0	0
928	CTTGG	0	0
929	CTTGA	0	0
930	CTTGT	1	0
931	CTTGC	0	0
932	CTTAG	0	1
933	CTTAA	0	0
934	CTTAT	0	1
935	CTTAC	0	0
936	CTTTG	1	0
937	CTTTA	0	0
938	CTTTT	3	0
939	CTTTC	0	0
940	CTTCG	0	0
941	CTTCA	0	1
942	CTTCT	0	0
943	CTTCC	0	0
944	CTCGG	0	0
945	CTCGA	0	0
946	CTCGT	0	0
947	CTCGC	0	0
948	CTCAG	0	0
949	CTCAA	1	0
950	CTCAT	0	1
951	CTCAC	0	1
952	CTCTG	0	1
953	CTCTA	0	0
954	CTCTT	0	0
955	CTCTC	0	0
956	CTCCG	0	0
957	CTCCA	0	0
958	CTCCT	1	0
959	CTCCC	0	0
960	CCGGG	0	0
961	CCGGA	0	0
962	CCGGT	0	0
963	CCGGC	0	0
964	CCGAG	0	0
965	CCGAA	0	1
966	CCGAT	0	0
967	CCGAC	0	1
968	CCGTG	0	0
969	CCGTA	0	0
970	CCGTT	0	0
971	CCGTC	0	0
972	CCGCG	0	0
973	CCGCA	0	0
974	CCGCT	0	0
975	CCGCC	0	0
976	CCAGG	0	0
977	CCAGA	0	1
978	CCAGT	0	1
979	CCAGC	0	1
980	CCAAG	0	0
981	CCAAA	1	0
982	CCAAT	0	0
983	CCAAC	0	1
984	CCATG	0	0
985	CCATA	0	0
986	CCATT	0	2
987	CCATC	0	0
988	CCACG	0	0
989	CCACA	0	0
990	CCACT	0	1
991	CCACC	0	0
992	CCTGG	0	0
993	CCTGA	0	2
994	CCTGT	0	0
995	CCTGC	0	1
996	CCTAG	0	0
997	CCTAA	1	0
998	CCTAT	0	2
999	CCTAC	0	0
1000	CCTTG	0	0
1001	CCTTA	0	0
1002	CCTTT	0	0
1003	CCTTC	0	0
1004	CCTCG	0	0
1005	CCTCA	0	1
1006	CCTCT	0	1
1007	CCTCC	0	0
1008	CCCGG	0	0
1009	CCCGA	0	0
1010	CCCGT	0	0
1011	CCCGC	1	0
1012	CCCAG	0	0
1013	CCCAA	0	0
1014	CCCAT	0	0
1015	CCCAC	0	0
1016	CCCTG	0	1
1017	CCCTA	0	0
1018	CCCTT	0	0
1019	CCCTC	0	1
1020	CCCCG	0	0
1021	CCCCA	0	0
1022	CCCCT	0	0
1023	CCCCC	0	0

*************
Most closely matching sequences in dataset follow- end of sequence is closest match
Approximate numerical position of sequence=138
Score of position=141
GAAAAGCTGC
ACAGAAAGAG
CAAATTGAAG
AAAGATATCC
GACTATGATG
GCTAGAAGCA
TTAAATTCTC
AACGAgtacg
gattgaaatt
gctttaaaat
ttgaaaaatt
gattaaaaag
tgcatttttt
aagctttgac
cgacttaaaa
ttagatttct
gagcctattt
tctgagaatt
ggaatttttt
tcattgtgaa
agttcaaaga
atagcgtgaa
tgattagaaa
atattgtaaa
atttcaattt
t
































































































Approximate numerical position of sequence=262
Score of position=153
ttttttaagc
tttgaccgac
ttaaaattag
atttctgagc
ctattttctg
agaattggaa
tttttttcat
tgtgaaagtt
caaagaatag
cgtgaatgat
tagaaaatat
tgtaaaattt
caattttttc
ctataaaaaa
ggattttttt
aggaatcaaa
aattgcaaaa
tgatgcccta
aaattcgaaa
ataaatataa
aaattggcgg
tttctcaaaa
atctagaatt
ccgaccttaa
ttattaattt
t
































































































Approximate numerical position of sequence=2316
Score of position=167
TTGATAGAGC
TCACACGAAA
GGAGTTTGTG
CTGTTCGATT
CTCAAAAGAT
AATTCACATA
TTTTGTCGGG
TGGAAATGAT
CATGTTGTGA
Ggtacgacta
cctgcctgcc
taccgcctaa
attttttgtg
aagtttcttc
aaaaaatcca
gaaaaaaaaa
caattttcat
acgatttttt
cccttaaaat
tgtgaatttt
catgcttttt
agccccaaaa
gtcattattt
gagaaaaaat
ttcatacaaa
a
































































































Approximate numerical position of sequence=4989
Score of position=153
atcaaaaatg
tgtcggacta
attttgtaaa
ataaaattta
atcgaaaaat
gaggtaaagt
tgaatttttt
gactccaaaa
acctctattt
ctacgctcaa
ttttgtaaaa
aaaaattcag
ggtaattttt
atttcaatgt
ctacaaattt
tgggggtatt
gctactgaaa
aagtaccgaa
aaattatttt
tttcgcaaaa
aaccgttatt
tctgaaaaaa
ttctgaaatt
tattcttcaa
aatgttaaaa
a
































































































Approximate numerical position of sequence=947
Score of position=368
cacttgaaaa
tctgaaaatt
gaattaattt
ctgaacttta
gagatttttt
gtcaaaattt
tagataaagg
gatttttaaa
caaaaaattg
attttttaat
cgaaaaatac
tgggatttat
gggtttttta
aaagaaaaac
gggggtttga
atgaaaaatc
gcctgaaatc
ttagaaaatt
aattaaaaaa
ctatgattta
attccaaaaa
ttaccgaaaa
tatcaaattt
tccattttta
aaccctaaat
t
































































































Approximate numerical position of sequence=1341
Score of position=310
agaatttttg
ggtttttgaa
gtagaaaatc
ataaaaatct
agggttttta
tgaattgttt
tgaagaaaaa
ttgcaaaaat
tccacaaaat
ggaagaaaaa
taactttgga
agcgcatttt
tcgcaaaaaa
accgaaattt
ttgcgtaaaa
tttcaaaatt
gcaataaaaa
ttccacaaac
atcaaatttc
ttaaattttt
tataaaaaat
tggatggaaa
cactcttgaa
tttagaaaaa
aaatcagttt
t
































































































Approximate numerical position of sequence=6188
Score of position=136
ttcggcaaat
ctgcaaattg
ccggtttgtc
gatttgccgg
aaacagccgc
ccacccctgg
ttcctccaac
atttttcatt
aaaaatttgt
gtaaaacttc
agaaaatctc
tcgactttcc
tttaaaaaga
aacactaatt
tcagctgaaa
cactcgaaaa
tggcctaaaa
gttggaaatt
gccgattttc
agaccatttt
tgagcatttt
ctctaagatt
tttgtagttt
gtagtctttc
tgccaatttg
t
































































































Approximate numerical position of sequence=1640
Score of position=198
caaaattcgg
aaatttcacc
tgaaatagag
tgaataattt
aaaatgttca
gaaattcata
ttttgtcatt
ttaaaagcat
taaaacaaat
caaaaatcta
ttttttttgg
ttggaaaagt
tcaaaattct
ggagaaatta
cattaaaatt
ttcgtaaaat
atggtaaata
aacgaaaatg
ttgagaaatt
aaagaaaagt
tacaattttt
agcttaaaaa
ttcaacattt
tgaggaaatg
ccacctaaaa
a
































































































Approximate numerical position of sequence=7010
Score of position=160
attgtaggtt
gtagtcatga
atatttttcg
actttttcaa
aataaataag
ttcaaataaa
atggaaattc
agcgaaaaaa
aagtaaattt
ttatgagaaa
aatgaagaaa
atttaaaaaa
aaacaaaaaa
attttttcgc
tataaaaaaa
attagaaacg
aatattttca
agaaaattca
ataattttga
ttgaaaattg
gagaaaaaag
ttccagtttt
ttgctatttt
tcttattttt
tattgaaaaa
a
































































































*************
